1.

root@eltex-practice2-pg2-v8:~# START=$(journalctl -b -o short-iso | head -1 | awk '{print $1}')
root@eltex-practice2-pg2-v8:~# END=$(date -d "$START +20 seconds" +"%Y-%m-%d %H:%M:%S")
root@eltex-practice2-pg2-v8:~# journalctl -b --since="$START" --until="$END"
Mar 12 08:28:13 localhost kernel: Linux version 6.8.0-55-generic (buildd@lcy02-amd64-095) (x86_64-linux-gnu-gcc-13 (Ubuntu 13.3.0->
Mar 12 08:28:13 localhost kernel: Command line: BOOT_IMAGE=/vmlinuz-6.8.0-55-generic root=/dev/mapper/ubuntu--vg-ubuntu--lv ro
Mar 12 08:28:13 localhost kernel: KERNEL supported cpus:
Mar 12 08:28:13 localhost kernel:   Intel GenuineIntel
Mar 12 08:28:13 localhost kernel:   AMD AuthenticAMD
Mar 12 08:28:13 localhost kernel:   Hygon HygonGenuine
Mar 12 08:28:13 localhost kernel:   Centaur CentaurHauls
Mar 12 08:28:13 localhost kernel:   zhaoxin   Shanghai
Mar 12 08:28:13 localhost kernel: BIOS-provided physical RAM map:
Mar 12 08:28:13 localhost kernel: BIOS-e820: [mem 0x0000000000000000-0x000000000009fbff] usable
Mar 12 08:28:13 localhost kernel: BIOS-e820: [mem 0x000000000009fc00-0x000000000009ffff] reserved
Mar 12 08:28:13 localhost kernel: BIOS-e820: [mem 0x00000000000f0000-0x00000000000fffff] reserved
Mar 12 08:28:13 localhost kernel: BIOS-e820: [mem 0x0000000000100000-0x00000000bffd9fff] usable
Mar 12 08:28:13 localhost kernel: BIOS-e820: [mem 0x00000000bffda000-0x00000000bfffffff] reserved
Mar 12 08:28:13 localhost kernel: BIOS-e820: [mem 0x00000000feffc000-0x00000000feffffff] reserved
Mar 12 08:28:13 localhost kernel: BIOS-e820: [mem 0x00000000fffc0000-0x00000000ffffffff] reserved
Mar 12 08:28:13 localhost kernel: BIOS-e820: [mem 0x0000000100000000-0x000000013fffffff] usable
Mar 12 08:28:13 localhost kernel: BIOS-e820: [mem 0x000000fd00000000-0x000000ffffffffff] reserved
Mar 12 08:28:13 localhost kernel: NX (Execute Disable) protection: active
Mar 12 08:28:13 localhost kernel: APIC: Static calls initialized
Mar 12 08:28:13 localhost kernel: SMBIOS 2.8 present.
Mar 12 08:28:13 localhost kernel: DMI: QEMU Standard PC (i440FX + PIIX, 1996), BIOS rel-1.17.0-0-gb52ca86e094d-prebuilt.qemu.org 0>
Mar 12 08:28:13 localhost kernel: Hypervisor detected: KVM
Mar 12 08:28:13 localhost kernel: kvm-clock: Using msrs 4b564d01 and 4b564d00
Mar 12 08:28:13 localhost kernel: kvm-clock: using sched offset of 1114298517595 cycles
Mar 12 08:28:13 localhost kernel: clocksource: kvm-clock: mask: 0xffffffffffffffff max_cycles: 0x1cd42e4dffb, max_idle_ns: 8815905>
Mar 12 08:28:13 localhost kernel: tsc: Detected 3400.000 MHz processor
Mar 12 08:28:13 localhost kernel: e820: update [mem 0x00000000-0x00000fff] usable ==> reserved
Mar 12 08:28:13 localhost kernel: e820: remove [mem 0x000a0000-0x000fffff] usable
Mar 12 08:28:13 localhost kernel: AGP: No AGP bridge found
Mar 12 08:28:13 localhost kernel: last_pfn = 0x140000 max_arch_pfn = 0x400000000
Mar 12 08:28:13 localhost kernel: MTRR map: 4 entries (3 fixed + 1 variable; max 19), built from 8 variable MTRRs
Mar 12 08:28:13 localhost kernel: x86/PAT: Configuration [0-7]: WB  WC  UC- UC  WB  WP  UC- WT
Mar 12 08:28:13 localhost kernel: last_pfn = 0xbffda max_arch_pfn = 0x400000000
Mar 12 08:28:13 localhost kernel: found SMP MP-table at [mem 0x000f5490-0x000f549f]
Mar 12 08:28:13 localhost kernel: RAMDISK: [mem 0x2fccd000-0x33e5dfff]
Mar 12 08:28:13 localhost kernel: ACPI: Early table checksum verification disabled
Mar 12 08:28:13 localhost kernel: ACPI: RSDP 0x00000000000F5290 000014 (v00 BOCHS )
Mar 12 08:28:13 localhost kernel: ACPI: RSDT 0x00000000BFFE3B5F 000034 (v01 BOCHS  BXPC     00000001 BXPC 00000001)
Mar 12 08:28:13 localhost kernel: ACPI: FACP 0x00000000BFFE3979 000074 (v01 BOCHS  BXPC     00000001 BXPC 00000001)
Mar 12 08:28:13 localhost kernel: ACPI: DSDT 0x00000000BFFDF040 004939 (v01 BOCHS  BXPC     00000001 BXPC 00000001)
lines 1-41...skipping...
Mar 12 08:28:13 localhost kernel: Linux version 6.8.0-55-generic (buildd@lcy02-amd64-095) (x86_64-linux-gnu-gcc-13 (Ubuntu 13.3.0-6ubuntu2~24.04) 13.3.0, GNU ld (GNU Binutils for Ubuntu) 2.42) #57-Ubuntu SMP PREEMPT_DYNAMIC Wed Feb 12 2>
Mar 12 08:28:13 localhost kernel: Command line: BOOT_IMAGE=/vmlinuz-6.8.0-55-generic root=/dev/mapper/ubuntu--vg-ubuntu--lv ro
Mar 12 08:28:13 localhost kernel: KERNEL supported cpus:
Mar 12 08:28:13 localhost kernel:   Intel GenuineIntel
Mar 12 08:28:13 localhost kernel:   AMD AuthenticAMD
Mar 12 08:28:13 localhost kernel:   Hygon HygonGenuine
Mar 12 08:28:13 localhost kernel:   Centaur CentaurHauls
Mar 12 08:28:13 localhost kernel:   zhaoxin   Shanghai
Mar 12 08:28:13 localhost kernel: BIOS-provided physical RAM map:
Mar 12 08:28:13 localhost kernel: BIOS-e820: [mem 0x0000000000000000-0x000000000009fbff] usable
Mar 12 08:28:13 localhost kernel: BIOS-e820: [mem 0x000000000009fc00-0x000000000009ffff] reserved
Mar 12 08:28:13 localhost kernel: BIOS-e820: [mem 0x00000000000f0000-0x00000000000fffff] reserved
Mar 12 08:28:13 localhost kernel: BIOS-e820: [mem 0x0000000000100000-0x00000000bffd9fff] usable
Mar 12 08:28:13 localhost kernel: BIOS-e820: [mem 0x00000000bffda000-0x00000000bfffffff] reserved
Mar 12 08:28:13 localhost kernel: BIOS-e820: [mem 0x00000000feffc000-0x00000000feffffff] reserved
Mar 12 08:28:13 localhost kernel: BIOS-e820: [mem 0x00000000fffc0000-0x00000000ffffffff] reserved
Mar 12 08:28:13 localhost kernel: BIOS-e820: [mem 0x0000000100000000-0x000000013fffffff] usable
Mar 12 08:28:13 localhost kernel: BIOS-e820: [mem 0x000000fd00000000-0x000000ffffffffff] reserved
Mar 12 08:28:13 localhost kernel: NX (Execute Disable) protection: active
Mar 12 08:28:13 localhost kernel: APIC: Static calls initialized
Mar 12 08:28:13 localhost kernel: SMBIOS 2.8 present.
Mar 12 08:28:13 localhost kernel: DMI: QEMU Standard PC (i440FX + PIIX, 1996), BIOS rel-1.17.0-0-gb52ca86e094d-prebuilt.qemu.org 04/01/2014
Mar 12 08:28:13 localhost kernel: Hypervisor detected: KVM
Mar 12 08:28:13 localhost kernel: kvm-clock: Using msrs 4b564d01 and 4b564d00
Mar 12 08:28:13 localhost kernel: kvm-clock: using sched offset of 1114298517595 cycles
Mar 12 08:28:13 localhost kernel: clocksource: kvm-clock: mask: 0xffffffffffffffff max_cycles: 0x1cd42e4dffb, max_idle_ns: 881590591483 ns
Mar 12 08:28:13 localhost kernel: tsc: Detected 3400.000 MHz processor
Mar 12 08:28:13 localhost kernel: e820: update [mem 0x00000000-0x00000fff] usable ==> reserved
Mar 12 08:28:13 localhost kernel: e820: remove [mem 0x000a0000-0x000fffff] usable
Mar 12 08:28:13 localhost kernel: AGP: No AGP bridge found
Mar 12 08:28:13 localhost kernel: last_pfn = 0x140000 max_arch_pfn = 0x400000000
Mar 12 08:28:13 localhost kernel: MTRR map: 4 entries (3 fixed + 1 variable; max 19), built from 8 variable MTRRs
Mar 12 08:28:13 localhost kernel: x86/PAT: Configuration [0-7]: WB  WC  UC- UC  WB  WP  UC- WT
Mar 12 08:28:13 localhost kernel: last_pfn = 0xbffda max_arch_pfn = 0x400000000
Mar 12 08:28:13 localhost kernel: found SMP MP-table at [mem 0x000f5490-0x000f549f]
Mar 12 08:28:13 localhost kernel: RAMDISK: [mem 0x2fccd000-0x33e5dfff]
Mar 12 08:28:13 localhost kernel: ACPI: Early table checksum verification disabled
Mar 12 08:28:13 localhost kernel: ACPI: RSDP 0x00000000000F5290 000014 (v00 BOCHS )
Mar 12 08:28:13 localhost kernel: ACPI: RSDT 0x00000000BFFE3B5F 000034 (v01 BOCHS  BXPC     00000001 BXPC 00000001)
Mar 12 08:28:13 localhost kernel: ACPI: FACP 0x00000000BFFE3979 000074 (v01 BOCHS  BXPC     00000001 BXPC 00000001)
Mar 12 08:28:13 localhost kernel: ACPI: DSDT 0x00000000BFFDF040 004939 (v01 BOCHS  BXPC     00000001 BXPC 00000001)
Mar 12 08:28:13 localhost kernel: ACPI: FACS 0x00000000BFFDF000 000040
Mar 12 08:28:13 localhost kernel: ACPI: APIC 0x00000000BFFE39ED 000080 (v03 BOCHS  BXPC     00000001 BXPC 00000001)
Mar 12 08:28:13 localhost kernel: ACPI: SSDT 0x00000000BFFE3A6D 0000CA (v01 BOCHS  VMGENID  00000001 BXPC 00000001)
Mar 12 08:28:13 localhost kernel: ACPI: WAET 0x00000000BFFE3B37 000028 (v01 BOCHS  BXPC     00000001 BXPC 00000001)
Mar 12 08:28:13 localhost kernel: ACPI: Reserving FACP table memory at [mem 0xbffe3979-0xbffe39ec]
Mar 12 08:28:13 localhost kernel: ACPI: Reserving DSDT table memory at [mem 0xbffdf040-0xbffe3978]
Mar 12 08:28:13 localhost kernel: ACPI: Reserving FACS table memory at [mem 0xbffdf000-0xbffdf03f]
Mar 12 08:28:13 localhost kernel: ACPI: Reserving APIC table memory at [mem 0xbffe39ed-0xbffe3a6c]
Mar 12 08:28:13 localhost kernel: ACPI: Reserving SSDT table memory at [mem 0xbffe3a6d-0xbffe3b36]
Mar 12 08:28:13 localhost kernel: ACPI: Reserving WAET table memory at [mem 0xbffe3b37-0xbffe3b5e]
Mar 12 08:28:13 localhost kernel: No NUMA configuration found
Mar 12 08:28:13 localhost kernel: Faking a node at [mem 0x0000000000000000-0x000000013fffffff]
Mar 12 08:28:13 localhost kernel: NODE_DATA(0) allocated [mem 0x13ffd5000-0x13fffffff]
Mar 12 08:28:13 localhost kernel: Zone ranges:
Mar 12 08:28:13 localhost kernel:   DMA      [mem 0x0000000000001000-0x0000000000ffffff]
Mar 12 08:28:13 localhost kernel:   DMA32    [mem 0x0000000001000000-0x00000000ffffffff]
Mar 12 08:28:13 localhost kernel:   Normal   [mem 0x0000000100000000-0x000000013fffffff]
Mar 12 08:28:13 localhost kernel:   Device   empty
Mar 12 08:28:13 localhost kernel: Movable zone start for each node
Mar 12 08:28:13 localhost kernel: Early memory node ranges
lines 1-61

2.

root@eltex-practice2-pg2-v8:~# AUTH_LOG=$(find /var/log -name auth.log -type f | head -1)
root@eltex-practice2-pg2-v8:~# awk '{process=$4; message=substr($0, index($0,$4)+length($4)+1); print process "|" message}' "$AUTH_LOG" | sed 's/\[[0-9]*\]//g' | sort -t'|' -k1,1
Accepted|password for root from 172.16.8.4 port 52968 ssh2
Accepted|password for root from 172.16.8.4 port 55466 ssh2
Accepted|password for root from 172.16.8.4 port 56442 ssh2
Accepted|publickey for root from 172.16.8.4 port 35494 ssh2: RSA SHA256:8lhcXdX3ramGxwOtpvRHtVOTYS4q/Z0wLditSdu9iAU
Accepted|publickey for root from 172.16.8.4 port 38330 ssh2: RSA SHA256:8lhcXdX3ramGxwOtpvRHtVOTYS4q/Z0wLditSdu9iAU
Accepted|publickey for root from 172.16.8.4 port 46836 ssh2: RSA SHA256:8lhcXdX3ramGxwOtpvRHtVOTYS4q/Z0wLditSdu9iAU
Accepted|publickey for root from 172.16.8.4 port 55582 ssh2: RSA SHA256:8lhcXdX3ramGxwOtpvRHtVOTYS4q/Z0wLditSdu9iAU
Acquired|the name org.freedesktop.PolicyKit1 on the system bus
Acquired|the name org.freedesktop.PolicyKit1 on the system bus
Acquired|the name org.freedesktop.PolicyKit1 on the system bus
Acquired|the name org.freedesktop.PolicyKit1 on the system bus
Acquired|the name org.freedesktop.PolicyKit1 on the system bus
Acquired|the name org.freedesktop.PolicyKit1 on the system bus
Acquired|the name org.freedesktop.PolicyKit1 on the system bus
Acquired|the name org.freedesktop.PolicyKit1 on the system bus
Acquired|the name org.freedesktop.PolicyKit1 on the system bus
Acquired|the name org.freedesktop.PolicyKit1 on the system bus
add|817]: add 'tech' to group 'adm'
add|817]: add 'tech' to group 'cdrom'
add|817]: add 'tech' to group 'dip'
add|817]: add 'tech' to group 'lxd'
add|817]: add 'tech' to group 'plugdev'
add|817]: add 'tech' to group 'sudo'
add|817]: add 'tech' to shadow group 'adm'
add|817]: add 'tech' to shadow group 'cdrom'
add|817]: add 'tech' to shadow group 'dip'
add|817]: add 'tech' to shadow group 'lxd'
add|817]: add 'tech' to shadow group 'plugdev'
add|817]: add 'tech' to shadow group 'sudo'
add|'user1' to group 'users_group'
add|'user1' to shadow group 'users_group'
add|'user2' to group 'users_group'
add|'user2' to shadow group 'users_group'
add|'user3' to group 'users_group'
add|'user3' to shadow group 'users_group'
Attempted|login by root (UID: 1003) on /dev/pts/0
Attempted|login by root (UID: 1003) on /dev/pts/0
change|user 'user3' shell from '/bin/bash' to '/usr/sbin/nologin'
changed|password expiry for user1
changed|password expiry for user1
changed|password expiry for user2
changed|password expiry for user2
changed|password expiry for user3
changed|password expiry for user3
changed|user 'user2' information
changed|user 'user3' information
Collecting|garbage unconditionally...
Collecting|garbage unconditionally...
Collecting|garbage unconditionally...
Collecting|garbage unconditionally...
Collecting|garbage unconditionally...
Collecting|garbage unconditionally...
Connection|closed by authenticating user root 172.16.8.4 port 36754 [preauth]
Connection|closed by authenticating user root 172.16.8.4 port 52954 [preauth]
Creating|/run/nologin, blocking further logins...
Disconnected|from user root 172.16.8.4 port 35494
Disconnected|from user root 172.16.8.4 port 46836
Disconnected|from user root 172.16.8.4 port 52968
Disconnected|from user root 172.16.8.4 port 55466
Disconnected|from user root 172.16.8.4 port 55582
Disconnected|from user root 172.16.8.4 port 56442
failed|adding user 'user1', exit code: 9
Finished|loading, compiling and executing 6 rules
Finished|loading, compiling and executing 6 rules
Finished|loading, compiling and executing 6 rules
Finished|loading, compiling and executing 6 rules
Finished|loading, compiling and executing 6 rules
Finished|loading, compiling and executing 6 rules
Finished|loading, compiling and executing 6 rules
Finished|loading, compiling and executing 6 rules
Finished|loading, compiling and executing 6 rules
Finished|loading, compiling and executing 6 rules
Finished|loading, compiling and executing 6 rules
Finished|loading, compiling and executing 6 rules
Finished|loading, compiling and executing 6 rules
Finished|loading, compiling and executing 6 rules
Finished|loading, compiling and executing 6 rules
Finished|loading, compiling and executing 6 rules
group|dd: group added to /etc/group: name=user1, GID=1005
group|dd: group added to /etc/group: name=user2, GID=1002
group|dd: group added to /etc/group: name=user3, GID=1003
group|dd: group added to /etc/group: name=users_group, GID=1004
group|dd: group added to /etc/gshadow: name=user1
group|dd: group added to /etc/gshadow: name=user2
group|dd: group added to /etc/gshadow: name=user3
group|dd: group added to /etc/gshadow: name=users_group
Loading|rules from directory /etc/polkit-1/rules.d
Loading|rules from directory /etc/polkit-1/rules.d
Loading|rules from directory /etc/polkit-1/rules.d
Loading|rules from directory /etc/polkit-1/rules.d
Loading|rules from directory /etc/polkit-1/rules.d
Loading|rules from directory /etc/polkit-1/rules.d
Loading|rules from directory /etc/polkit-1/rules.d
Loading|rules from directory /etc/polkit-1/rules.d
Loading|rules from directory /etc/polkit-1/rules.d
Loading|rules from directory /etc/polkit-1/rules.d
Loading|rules from directory /etc/polkit-1/rules.d
Loading|rules from directory /etc/polkit-1/rules.d
Loading|rules from directory /etc/polkit-1/rules.d
Loading|rules from directory /etc/polkit-1/rules.d
Loading|rules from directory /etc/polkit-1/rules.d
Loading|rules from directory /etc/polkit-1/rules.d
Loading|rules from directory /usr/share/polkit-1/rules.d
Loading|rules from directory /usr/share/polkit-1/rules.d
Loading|rules from directory /usr/share/polkit-1/rules.d
Loading|rules from directory /usr/share/polkit-1/rules.d
Loading|rules from directory /usr/share/polkit-1/rules.d
Loading|rules from directory /usr/share/polkit-1/rules.d
Loading|rules from directory /usr/share/polkit-1/rules.d
Loading|rules from directory /usr/share/polkit-1/rules.d
Loading|rules from directory /usr/share/polkit-1/rules.d
Loading|rules from directory /usr/share/polkit-1/rules.d
Loading|rules from directory /usr/share/polkit-1/rules.d
Loading|rules from directory /usr/share/polkit-1/rules.d
Loading|rules from directory /usr/share/polkit-1/rules.d
Loading|rules from directory /usr/share/polkit-1/rules.d
Loading|rules from directory /usr/share/polkit-1/rules.d
Loading|rules from directory /usr/share/polkit-1/rules.d
members|of group users set by root to user2
members|of group users set by root to user2,user3
new|group: name=tech, GID=1000
new|group: name=user1, GID=1001
new|group: name=user1, GID=1005
new|group: name=user2, GID=1002
new|group: name=user3, GID=1003
new|group: name=users_group, GID=1004
new|user: name=tech, UID=1000, GID=1000, home=/home/tech, shell=/bin/bash, from=none
new|user: name=user1, UID=1001, GID=1001, home=/home/user1, shell=/bin/bash, from=/dev/pts/0
new|user: name=user2, UID=1002, GID=1002, home=/home/user2, shell=/bin/bash, from=/dev/pts/0
new|user: name=user3, UID=1003, GID=1003, home=/home/user3, shell=/bin/bash, from=/dev/pts/0
New|seat seat0.
New|seat seat0.
New|seat seat0.
New|seat seat0.
New|session 166 of user root.
New|session 171 of user root.
New|session 173 of user root.
New|session 18 of user root.
New|session 1 of user tech.
New|session 20 of user root.
New|session 3 of user root.
New|session 6 of user root.
PAM|adding faulty module: pam_lastlog.so
PAM|unable to dlopen(pam_lastlog.so): /usr/lib/security/pam_lastlog.so: cannot open shared object file: No such file or directory
pam_unix(chpasswd:chauthtok):|password changed for root
pam_unix(cron:session):|session closed for user root
pam_unix(cron:session):|session closed for user root
pam_unix(cron:session):|session closed for user root
pam_unix(cron:session):|session closed for user root
pam_unix(cron:session):|session closed for user root
pam_unix(cron:session):|session closed for user root
pam_unix(cron:session):|session closed for user root
pam_unix(cron:session):|session closed for user root
pam_unix(cron:session):|session closed for user root
pam_unix(cron:session):|session closed for user root
pam_unix(cron:session):|session closed for user root
pam_unix(cron:session):|session closed for user root
pam_unix(cron:session):|session closed for user root
pam_unix(cron:session):|session closed for user root
pam_unix(cron:session):|session closed for user root
pam_unix(cron:session):|session closed for user root
pam_unix(cron:session):|session closed for user root
pam_unix(cron:session):|session closed for user root
pam_unix(cron:session):|session closed for user root
pam_unix(cron:session):|session closed for user root
pam_unix(cron:session):|session closed for user root
pam_unix(cron:session):|session closed for user root
pam_unix(cron:session):|session closed for user root
pam_unix(cron:session):|session closed for user root
pam_unix(cron:session):|session closed for user root
pam_unix(cron:session):|session closed for user root
pam_unix(cron:session):|session closed for user root
pam_unix(cron:session):|session closed for user root
pam_unix(cron:session):|session closed for user root
pam_unix(cron:session):|session closed for user root
pam_unix(cron:session):|session closed for user root
pam_unix(cron:session):|session closed for user root
pam_unix(cron:session):|session closed for user root
pam_unix(cron:session):|session closed for user root
pam_unix(cron:session):|session closed for user root
pam_unix(cron:session):|session closed for user root
pam_unix(cron:session):|session closed for user root
pam_unix(cron:session):|session closed for user root
pam_unix(cron:session):|session closed for user root
pam_unix(cron:session):|session closed for user root
pam_unix(cron:session):|session closed for user root
pam_unix(cron:session):|session closed for user root
pam_unix(cron:session):|session closed for user root
pam_unix(cron:session):|session closed for user root
pam_unix(cron:session):|session closed for user root
pam_unix(cron:session):|session closed for user root
pam_unix(cron:session):|session closed for user root
pam_unix(cron:session):|session closed for user root
pam_unix(cron:session):|session closed for user root
pam_unix(cron:session):|session closed for user root
pam_unix(cron:session):|session closed for user root
pam_unix(cron:session):|session closed for user root
pam_unix(cron:session):|session closed for user root
pam_unix(cron:session):|session closed for user root
pam_unix(cron:session):|session closed for user root
pam_unix(cron:session):|session closed for user root
pam_unix(cron:session):|session closed for user root
pam_unix(cron:session):|session closed for user root
pam_unix(cron:session):|session closed for user root
pam_unix(cron:session):|session closed for user root
pam_unix(cron:session):|session closed for user root
pam_unix(cron:session):|session closed for user root
pam_unix(cron:session):|session closed for user root
pam_unix(cron:session):|session closed for user root
pam_unix(cron:session):|session closed for user root
pam_unix(cron:session):|session closed for user root
pam_unix(cron:session):|session closed for user root
pam_unix(cron:session):|session closed for user root
pam_unix(cron:session):|session closed for user root
pam_unix(cron:session):|session closed for user root
pam_unix(cron:session):|session closed for user root
pam_unix(cron:session):|session closed for user root
pam_unix(cron:session):|session closed for user root
pam_unix(cron:session):|session closed for user root
pam_unix(cron:session):|session closed for user root
pam_unix(cron:session):|session closed for user root
pam_unix(cron:session):|session closed for user root
pam_unix(cron:session):|session closed for user root
pam_unix(cron:session):|session closed for user root
pam_unix(cron:session):|session closed for user root
pam_unix(cron:session):|session closed for user root
pam_unix(cron:session):|session closed for user root
pam_unix(cron:session):|session closed for user root
pam_unix(cron:session):|session closed for user root
pam_unix(cron:session):|session closed for user root
pam_unix(cron:session):|session closed for user root
pam_unix(cron:session):|session closed for user root
pam_unix(cron:session):|session closed for user root
pam_unix(cron:session):|session closed for user root
pam_unix(cron:session):|session closed for user root
pam_unix(cron:session):|session closed for user root
pam_unix(cron:session):|session closed for user root
pam_unix(cron:session):|session closed for user root
pam_unix(cron:session):|session closed for user root
pam_unix(cron:session):|session closed for user root
pam_unix(cron:session):|session closed for user root
pam_unix(cron:session):|session closed for user root
pam_unix(cron:session):|session closed for user root
pam_unix(cron:session):|session closed for user root
pam_unix(cron:session):|session closed for user root
pam_unix(cron:session):|session closed for user root
pam_unix(cron:session):|session closed for user root
pam_unix(cron:session):|session closed for user root
pam_unix(cron:session):|session closed for user root
pam_unix(cron:session):|session closed for user root
pam_unix(cron:session):|session closed for user root
pam_unix(cron:session):|session closed for user root
pam_unix(cron:session):|session closed for user root
pam_unix(cron:session):|session closed for user root
pam_unix(cron:session):|session closed for user root
pam_unix(cron:session):|session closed for user root
pam_unix(cron:session):|session closed for user root
pam_unix(cron:session):|session closed for user root
pam_unix(cron:session):|session closed for user root
pam_unix(cron:session):|session closed for user root
pam_unix(cron:session):|session closed for user root
pam_unix(cron:session):|session closed for user root
pam_unix(cron:session):|session closed for user root
pam_unix(cron:session):|session closed for user root
pam_unix(cron:session):|session closed for user root
pam_unix(cron:session):|session closed for user root
pam_unix(cron:session):|session closed for user root
pam_unix(cron:session):|session closed for user root
pam_unix(cron:session):|session closed for user root
pam_unix(cron:session):|session closed for user root
pam_unix(cron:session):|session closed for user root
pam_unix(cron:session):|session closed for user root
pam_unix(cron:session):|session closed for user root
pam_unix(cron:session):|session closed for user root
pam_unix(cron:session):|session closed for user root
pam_unix(cron:session):|session closed for user root
pam_unix(cron:session):|session closed for user root
pam_unix(cron:session):|session closed for user root
pam_unix(cron:session):|session closed for user root
pam_unix(cron:session):|session closed for user root
pam_unix(cron:session):|session closed for user root
pam_unix(cron:session):|session closed for user root
pam_unix(cron:session):|session closed for user root
pam_unix(cron:session):|session closed for user root
pam_unix(cron:session):|session closed for user root
pam_unix(cron:session):|session closed for user root
pam_unix(cron:session):|session closed for user root
pam_unix(cron:session):|session closed for user root
pam_unix(cron:session):|session closed for user root
pam_unix(cron:session):|session closed for user root
pam_unix(cron:session):|session closed for user root
pam_unix(cron:session):|session closed for user root
pam_unix(cron:session):|session closed for user root
pam_unix(cron:session):|session closed for user root
pam_unix(cron:session):|session closed for user root
pam_unix(cron:session):|session closed for user root
pam_unix(cron:session):|session closed for user root
pam_unix(cron:session):|session closed for user root
pam_unix(cron:session):|session closed for user root
pam_unix(cron:session):|session closed for user root
pam_unix(cron:session):|session closed for user root
pam_unix(cron:session):|session closed for user root
pam_unix(cron:session):|session closed for user root
pam_unix(cron:session):|session closed for user root
pam_unix(cron:session):|session closed for user root
pam_unix(cron:session):|session closed for user root
pam_unix(cron:session):|session closed for user root
pam_unix(cron:session):|session closed for user root
pam_unix(cron:session):|session closed for user root
pam_unix(cron:session):|session closed for user root
pam_unix(cron:session):|session closed for user root
pam_unix(cron:session):|session closed for user root
pam_unix(cron:session):|session closed for user root
pam_unix(cron:session):|session closed for user root
pam_unix(cron:session):|session closed for user root
pam_unix(cron:session):|session closed for user root
pam_unix(cron:session):|session closed for user root
pam_unix(cron:session):|session closed for user root
pam_unix(cron:session):|session closed for user root
pam_unix(cron:session):|session closed for user root
pam_unix(cron:session):|session closed for user root
pam_unix(cron:session):|session closed for user root
pam_unix(cron:session):|session closed for user root
pam_unix(cron:session):|session closed for user root
pam_unix(cron:session):|session closed for user root
pam_unix(cron:session):|session closed for user root
pam_unix(cron:session):|session closed for user root
pam_unix(cron:session):|session closed for user root
pam_unix(cron:session):|session closed for user root
pam_unix(cron:session):|session closed for user root
pam_unix(cron:session):|session closed for user root
pam_unix(cron:session):|session closed for user root
pam_unix(cron:session):|session closed for user root
pam_unix(cron:session):|session closed for user root
pam_unix(cron:session):|session closed for user root
pam_unix(cron:session):|session closed for user root
pam_unix(cron:session):|session closed for user root
pam_unix(cron:session):|session opened for user root(uid=0) by root(uid=0)
pam_unix(cron:session):|session opened for user root(uid=0) by root(uid=0)
pam_unix(cron:session):|session opened for user root(uid=0) by root(uid=0)
pam_unix(cron:session):|session opened for user root(uid=0) by root(uid=0)
pam_unix(cron:session):|session opened for user root(uid=0) by root(uid=0)
pam_unix(cron:session):|session opened for user root(uid=0) by root(uid=0)
pam_unix(cron:session):|session opened for user root(uid=0) by root(uid=0)
pam_unix(cron:session):|session opened for user root(uid=0) by root(uid=0)
pam_unix(cron:session):|session opened for user root(uid=0) by root(uid=0)
pam_unix(cron:session):|session opened for user root(uid=0) by root(uid=0)
pam_unix(cron:session):|session opened for user root(uid=0) by root(uid=0)
pam_unix(cron:session):|session opened for user root(uid=0) by root(uid=0)
pam_unix(cron:session):|session opened for user root(uid=0) by root(uid=0)
pam_unix(cron:session):|session opened for user root(uid=0) by root(uid=0)
pam_unix(cron:session):|session opened for user root(uid=0) by root(uid=0)
pam_unix(cron:session):|session opened for user root(uid=0) by root(uid=0)
pam_unix(cron:session):|session opened for user root(uid=0) by root(uid=0)
pam_unix(cron:session):|session opened for user root(uid=0) by root(uid=0)
pam_unix(cron:session):|session opened for user root(uid=0) by root(uid=0)
pam_unix(cron:session):|session opened for user root(uid=0) by root(uid=0)
pam_unix(cron:session):|session opened for user root(uid=0) by root(uid=0)
pam_unix(cron:session):|session opened for user root(uid=0) by root(uid=0)
pam_unix(cron:session):|session opened for user root(uid=0) by root(uid=0)
pam_unix(cron:session):|session opened for user root(uid=0) by root(uid=0)
pam_unix(cron:session):|session opened for user root(uid=0) by root(uid=0)
pam_unix(cron:session):|session opened for user root(uid=0) by root(uid=0)
pam_unix(cron:session):|session opened for user root(uid=0) by root(uid=0)
pam_unix(cron:session):|session opened for user root(uid=0) by root(uid=0)
pam_unix(cron:session):|session opened for user root(uid=0) by root(uid=0)
pam_unix(cron:session):|session opened for user root(uid=0) by root(uid=0)
pam_unix(cron:session):|session opened for user root(uid=0) by root(uid=0)
pam_unix(cron:session):|session opened for user root(uid=0) by root(uid=0)
pam_unix(cron:session):|session opened for user root(uid=0) by root(uid=0)
pam_unix(cron:session):|session opened for user root(uid=0) by root(uid=0)
pam_unix(cron:session):|session opened for user root(uid=0) by root(uid=0)
pam_unix(cron:session):|session opened for user root(uid=0) by root(uid=0)
pam_unix(cron:session):|session opened for user root(uid=0) by root(uid=0)
pam_unix(cron:session):|session opened for user root(uid=0) by root(uid=0)
pam_unix(cron:session):|session opened for user root(uid=0) by root(uid=0)
pam_unix(cron:session):|session opened for user root(uid=0) by root(uid=0)
pam_unix(cron:session):|session opened for user root(uid=0) by root(uid=0)
pam_unix(cron:session):|session opened for user root(uid=0) by root(uid=0)
pam_unix(cron:session):|session opened for user root(uid=0) by root(uid=0)
pam_unix(cron:session):|session opened for user root(uid=0) by root(uid=0)
pam_unix(cron:session):|session opened for user root(uid=0) by root(uid=0)
pam_unix(cron:session):|session opened for user root(uid=0) by root(uid=0)
pam_unix(cron:session):|session opened for user root(uid=0) by root(uid=0)
pam_unix(cron:session):|session opened for user root(uid=0) by root(uid=0)
pam_unix(cron:session):|session opened for user root(uid=0) by root(uid=0)
pam_unix(cron:session):|session opened for user root(uid=0) by root(uid=0)
pam_unix(cron:session):|session opened for user root(uid=0) by root(uid=0)
pam_unix(cron:session):|session opened for user root(uid=0) by root(uid=0)
pam_unix(cron:session):|session opened for user root(uid=0) by root(uid=0)
pam_unix(cron:session):|session opened for user root(uid=0) by root(uid=0)
pam_unix(cron:session):|session opened for user root(uid=0) by root(uid=0)
pam_unix(cron:session):|session opened for user root(uid=0) by root(uid=0)
pam_unix(cron:session):|session opened for user root(uid=0) by root(uid=0)
pam_unix(cron:session):|session opened for user root(uid=0) by root(uid=0)
pam_unix(cron:session):|session opened for user root(uid=0) by root(uid=0)
pam_unix(cron:session):|session opened for user root(uid=0) by root(uid=0)
pam_unix(cron:session):|session opened for user root(uid=0) by root(uid=0)
pam_unix(cron:session):|session opened for user root(uid=0) by root(uid=0)
pam_unix(cron:session):|session opened for user root(uid=0) by root(uid=0)
pam_unix(cron:session):|session opened for user root(uid=0) by root(uid=0)
pam_unix(cron:session):|session opened for user root(uid=0) by root(uid=0)
pam_unix(cron:session):|session opened for user root(uid=0) by root(uid=0)
pam_unix(cron:session):|session opened for user root(uid=0) by root(uid=0)
pam_unix(cron:session):|session opened for user root(uid=0) by root(uid=0)
pam_unix(cron:session):|session opened for user root(uid=0) by root(uid=0)
pam_unix(cron:session):|session opened for user root(uid=0) by root(uid=0)
pam_unix(cron:session):|session opened for user root(uid=0) by root(uid=0)
pam_unix(cron:session):|session opened for user root(uid=0) by root(uid=0)
pam_unix(cron:session):|session opened for user root(uid=0) by root(uid=0)
pam_unix(cron:session):|session opened for user root(uid=0) by root(uid=0)
pam_unix(cron:session):|session opened for user root(uid=0) by root(uid=0)
pam_unix(cron:session):|session opened for user root(uid=0) by root(uid=0)
pam_unix(cron:session):|session opened for user root(uid=0) by root(uid=0)
pam_unix(cron:session):|session opened for user root(uid=0) by root(uid=0)
pam_unix(cron:session):|session opened for user root(uid=0) by root(uid=0)
pam_unix(cron:session):|session opened for user root(uid=0) by root(uid=0)
pam_unix(cron:session):|session opened for user root(uid=0) by root(uid=0)
pam_unix(cron:session):|session opened for user root(uid=0) by root(uid=0)
pam_unix(cron:session):|session opened for user root(uid=0) by root(uid=0)
pam_unix(cron:session):|session opened for user root(uid=0) by root(uid=0)
pam_unix(cron:session):|session opened for user root(uid=0) by root(uid=0)
pam_unix(cron:session):|session opened for user root(uid=0) by root(uid=0)
pam_unix(cron:session):|session opened for user root(uid=0) by root(uid=0)
pam_unix(cron:session):|session opened for user root(uid=0) by root(uid=0)
pam_unix(cron:session):|session opened for user root(uid=0) by root(uid=0)
pam_unix(cron:session):|session opened for user root(uid=0) by root(uid=0)
pam_unix(cron:session):|session opened for user root(uid=0) by root(uid=0)
pam_unix(cron:session):|session opened for user root(uid=0) by root(uid=0)
pam_unix(cron:session):|session opened for user root(uid=0) by root(uid=0)
pam_unix(cron:session):|session opened for user root(uid=0) by root(uid=0)
pam_unix(cron:session):|session opened for user root(uid=0) by root(uid=0)
pam_unix(cron:session):|session opened for user root(uid=0) by root(uid=0)
pam_unix(cron:session):|session opened for user root(uid=0) by root(uid=0)
pam_unix(cron:session):|session opened for user root(uid=0) by root(uid=0)
pam_unix(cron:session):|session opened for user root(uid=0) by root(uid=0)
pam_unix(cron:session):|session opened for user root(uid=0) by root(uid=0)
pam_unix(cron:session):|session opened for user root(uid=0) by root(uid=0)
pam_unix(cron:session):|session opened for user root(uid=0) by root(uid=0)
pam_unix(cron:session):|session opened for user root(uid=0) by root(uid=0)
pam_unix(cron:session):|session opened for user root(uid=0) by root(uid=0)
pam_unix(cron:session):|session opened for user root(uid=0) by root(uid=0)
pam_unix(cron:session):|session opened for user root(uid=0) by root(uid=0)
pam_unix(cron:session):|session opened for user root(uid=0) by root(uid=0)
pam_unix(cron:session):|session opened for user root(uid=0) by root(uid=0)
pam_unix(cron:session):|session opened for user root(uid=0) by root(uid=0)
pam_unix(cron:session):|session opened for user root(uid=0) by root(uid=0)
pam_unix(cron:session):|session opened for user root(uid=0) by root(uid=0)
pam_unix(cron:session):|session opened for user root(uid=0) by root(uid=0)
pam_unix(cron:session):|session opened for user root(uid=0) by root(uid=0)
pam_unix(cron:session):|session opened for user root(uid=0) by root(uid=0)
pam_unix(cron:session):|session opened for user root(uid=0) by root(uid=0)
pam_unix(cron:session):|session opened for user root(uid=0) by root(uid=0)
pam_unix(cron:session):|session opened for user root(uid=0) by root(uid=0)
pam_unix(cron:session):|session opened for user root(uid=0) by root(uid=0)
pam_unix(cron:session):|session opened for user root(uid=0) by root(uid=0)
pam_unix(cron:session):|session opened for user root(uid=0) by root(uid=0)
pam_unix(cron:session):|session opened for user root(uid=0) by root(uid=0)
pam_unix(cron:session):|session opened for user root(uid=0) by root(uid=0)
pam_unix(cron:session):|session opened for user root(uid=0) by root(uid=0)
pam_unix(cron:session):|session opened for user root(uid=0) by root(uid=0)
pam_unix(cron:session):|session opened for user root(uid=0) by root(uid=0)
pam_unix(cron:session):|session opened for user root(uid=0) by root(uid=0)
pam_unix(cron:session):|session opened for user root(uid=0) by root(uid=0)
pam_unix(cron:session):|session opened for user root(uid=0) by root(uid=0)
pam_unix(cron:session):|session opened for user root(uid=0) by root(uid=0)
pam_unix(cron:session):|session opened for user root(uid=0) by root(uid=0)
pam_unix(cron:session):|session opened for user root(uid=0) by root(uid=0)
pam_unix(cron:session):|session opened for user root(uid=0) by root(uid=0)
pam_unix(cron:session):|session opened for user root(uid=0) by root(uid=0)
pam_unix(cron:session):|session opened for user root(uid=0) by root(uid=0)
pam_unix(cron:session):|session opened for user root(uid=0) by root(uid=0)
pam_unix(cron:session):|session opened for user root(uid=0) by root(uid=0)
pam_unix(cron:session):|session opened for user root(uid=0) by root(uid=0)
pam_unix(cron:session):|session opened for user root(uid=0) by root(uid=0)
pam_unix(cron:session):|session opened for user root(uid=0) by root(uid=0)
pam_unix(cron:session):|session opened for user root(uid=0) by root(uid=0)
pam_unix(cron:session):|session opened for user root(uid=0) by root(uid=0)
pam_unix(cron:session):|session opened for user root(uid=0) by root(uid=0)
pam_unix(cron:session):|session opened for user root(uid=0) by root(uid=0)
pam_unix(cron:session):|session opened for user root(uid=0) by root(uid=0)
pam_unix(cron:session):|session opened for user root(uid=0) by root(uid=0)
pam_unix(cron:session):|session opened for user root(uid=0) by root(uid=0)
pam_unix(cron:session):|session opened for user root(uid=0) by root(uid=0)
pam_unix(cron:session):|session opened for user root(uid=0) by root(uid=0)
pam_unix(cron:session):|session opened for user root(uid=0) by root(uid=0)
pam_unix(cron:session):|session opened for user root(uid=0) by root(uid=0)
pam_unix(cron:session):|session opened for user root(uid=0) by root(uid=0)
pam_unix(cron:session):|session opened for user root(uid=0) by root(uid=0)
pam_unix(cron:session):|session opened for user root(uid=0) by root(uid=0)
pam_unix(cron:session):|session opened for user root(uid=0) by root(uid=0)
pam_unix(cron:session):|session opened for user root(uid=0) by root(uid=0)
pam_unix(cron:session):|session opened for user root(uid=0) by root(uid=0)
pam_unix(cron:session):|session opened for user root(uid=0) by root(uid=0)
pam_unix(cron:session):|session opened for user root(uid=0) by root(uid=0)
pam_unix(cron:session):|session opened for user root(uid=0) by root(uid=0)
pam_unix(cron:session):|session opened for user root(uid=0) by root(uid=0)
pam_unix(cron:session):|session opened for user root(uid=0) by root(uid=0)
pam_unix(cron:session):|session opened for user root(uid=0) by root(uid=0)
pam_unix(cron:session):|session opened for user root(uid=0) by root(uid=0)
pam_unix(cron:session):|session opened for user root(uid=0) by root(uid=0)
pam_unix(cron:session):|session opened for user root(uid=0) by root(uid=0)
pam_unix(cron:session):|session opened for user root(uid=0) by root(uid=0)
pam_unix(cron:session):|session opened for user root(uid=0) by root(uid=0)
pam_unix(cron:session):|session opened for user root(uid=0) by root(uid=0)
pam_unix(cron:session):|session opened for user root(uid=0) by root(uid=0)
pam_unix(cron:session):|session opened for user root(uid=0) by root(uid=0)
pam_unix(cron:session):|session opened for user root(uid=0) by root(uid=0)
pam_unix(cron:session):|session opened for user root(uid=0) by root(uid=0)
pam_unix(cron:session):|session opened for user root(uid=0) by root(uid=0)
pam_unix(cron:session):|session opened for user root(uid=0) by root(uid=0)
pam_unix(cron:session):|session opened for user root(uid=0) by root(uid=0)
pam_unix(cron:session):|session opened for user root(uid=0) by root(uid=0)
pam_unix(cron:session):|session opened for user root(uid=0) by root(uid=0)
pam_unix(cron:session):|session opened for user root(uid=0) by root(uid=0)
pam_unix(cron:session):|session opened for user root(uid=0) by root(uid=0)
pam_unix(cron:session):|session opened for user root(uid=0) by root(uid=0)
pam_unix(cron:session):|session opened for user root(uid=0) by root(uid=0)
pam_unix(cron:session):|session opened for user root(uid=0) by root(uid=0)
pam_unix(cron:session):|session opened for user root(uid=0) by root(uid=0)
pam_unix(cron:session):|session opened for user root(uid=0) by root(uid=0)
pam_unix(cron:session):|session opened for user root(uid=0) by root(uid=0)
pam_unix(cron:session):|session opened for user root(uid=0) by root(uid=0)
pam_unix(cron:session):|session opened for user root(uid=0) by root(uid=0)
pam_unix(cron:session):|session opened for user root(uid=0) by root(uid=0)
pam_unix(cron:session):|session opened for user root(uid=0) by root(uid=0)
pam_unix(cron:session):|session opened for user root(uid=0) by root(uid=0)
pam_unix(cron:session):|session opened for user root(uid=0) by root(uid=0)
pam_unix(cron:session):|session opened for user root(uid=0) by root(uid=0)
pam_unix(login:session):|session opened for user tech(uid=1000) by tech(uid=0)
pam_unix(passwd:chauthtok):|password changed for root
pam_unix(passwd:chauthtok):|password changed for user1
pam_unix(passwd:chauthtok):|password changed for user2
pam_unix(passwd:chauthtok):|password changed for user3
pam_unix(sshd:session):|session closed for user root
pam_unix(sshd:session):|session closed for user root
pam_unix(sshd:session):|session closed for user root
pam_unix(sshd:session):|session closed for user root
pam_unix(sshd:session):|session closed for user root
pam_unix(sshd:session):|session closed for user root
pam_unix(sshd:session):|session opened for user root(uid=0) by root(uid=0)
pam_unix(sshd:session):|session opened for user root(uid=0) by root(uid=0)
pam_unix(sshd:session):|session opened for user root(uid=0) by root(uid=0)
pam_unix(sshd:session):|session opened for user root(uid=0) by root(uid=0)
pam_unix(sshd:session):|session opened for user root(uid=0) by root(uid=0)
pam_unix(sshd:session):|session opened for user root(uid=0) by root(uid=0)
pam_unix(sshd:session):|session opened for user root(uid=0) by root(uid=0)
pam_unix(sudo:auth):|auth could not identify password for [user2]
pam_unix(sudo:auth):|conversation failed
pam_unix(sudo:session):|session closed for user root
pam_unix(sudo:session):|session closed for user root
pam_unix(sudo:session):|session opened for user root(uid=0) by root(uid=1001)
pam_unix(sudo:session):|session opened for user root(uid=0) by tech(uid=1000)
pam_unix(su-l:session):|session closed for user root
pam_unix(su-l:session):|session closed for user user1
pam_unix(su-l:session):|session closed for user user1
pam_unix(su-l:session):|session closed for user user1
pam_unix(su-l:session):|session closed for user user1
pam_unix(su-l:session):|session closed for user user1
pam_unix(su-l:session):|session closed for user user1
pam_unix(su-l:session):|session closed for user user1
pam_unix(su-l:session):|session closed for user user1
pam_unix(su-l:session):|session closed for user user1
pam_unix(su-l:session):|session closed for user user1
pam_unix(su-l:session):|session closed for user user1
pam_unix(su-l:session):|session closed for user user1
pam_unix(su-l:session):|session closed for user user2
pam_unix(su-l:session):|session closed for user user2
pam_unix(su-l:session):|session closed for user user2
pam_unix(su-l:session):|session closed for user user2
pam_unix(su-l:session):|session closed for user user2
pam_unix(su-l:session):|session closed for user user2
pam_unix(su-l:session):|session closed for user user2
pam_unix(su-l:session):|session closed for user user2
pam_unix(su-l:session):|session closed for user user3
pam_unix(su-l:session):|session closed for user user3
pam_unix(su-l:session):|session closed for user user3
pam_unix(su-l:session):|session closed for user user3
pam_unix(su-l:session):|session closed for user user3
pam_unix(su-l:session):|session opened for user root(uid=0) by tech(uid=0)
pam_unix(su-l:session):|session opened for user user1(uid=1001) by root(uid=0)
pam_unix(su-l:session):|session opened for user user1(uid=1001) by root(uid=0)
pam_unix(su-l:session):|session opened for user user1(uid=1001) by root(uid=0)
pam_unix(su-l:session):|session opened for user user1(uid=1001) by root(uid=0)
pam_unix(su-l:session):|session opened for user user1(uid=1001) by root(uid=0)
pam_unix(su-l:session):|session opened for user user1(uid=1001) by root(uid=0)
pam_unix(su-l:session):|session opened for user user1(uid=1001) by root(uid=0)
pam_unix(su-l:session):|session opened for user user1(uid=1001) by root(uid=0)
pam_unix(su-l:session):|session opened for user user1(uid=1001) by root(uid=0)
pam_unix(su-l:session):|session opened for user user1(uid=1001) by root(uid=0)
pam_unix(su-l:session):|session opened for user user1(uid=1001) by root(uid=0)
pam_unix(su-l:session):|session opened for user user1(uid=1001) by root(uid=0)
pam_unix(su-l:session):|session opened for user user2(uid=1002) by root(uid=0)
pam_unix(su-l:session):|session opened for user user2(uid=1002) by root(uid=0)
pam_unix(su-l:session):|session opened for user user2(uid=1002) by root(uid=0)
pam_unix(su-l:session):|session opened for user user2(uid=1002) by root(uid=0)
pam_unix(su-l:session):|session opened for user user2(uid=1002) by root(uid=0)
pam_unix(su-l:session):|session opened for user user2(uid=1002) by root(uid=0)
pam_unix(su-l:session):|session opened for user user2(uid=1002) by root(uid=0)
pam_unix(su-l:session):|session opened for user user2(uid=1002) by root(uid=0)
pam_unix(su-l:session):|session opened for user user3(uid=1003) by root(uid=0)
pam_unix(su-l:session):|session opened for user user3(uid=1003) by root(uid=0)
pam_unix(su-l:session):|session opened for user user3(uid=1003) by root(uid=0)
pam_unix(su-l:session):|session opened for user user3(uid=1003) by root(uid=0)
pam_unix(su-l:session):|session opened for user user3(uid=1003) by root(uid=0)
pam_unix(su:session):|session closed for user user3
pam_unix(su:session):|session closed for user user3
pam_unix(su:session):|session opened for user user3(uid=1003) by root(uid=0)
pam_unix(su:session):|session opened for user user3(uid=1003) by root(uid=0)
pam_unix(systemd-user:session):|session opened for user root(uid=0) by root(uid=0)
pam_unix(systemd-user:session):|session opened for user root(uid=0) by root(uid=0)
pam_unix(systemd-user:session):|session opened for user root(uid=0) by root(uid=0)
pam_unix(systemd-user:session):|session opened for user root(uid=0) by root(uid=0)
pam_unix(systemd-user:session):|session opened for user root(uid=0) by root(uid=0)
pam_unix(systemd-user:session):|session opened for user root(uid=0) by root(uid=0)
pam_unix(systemd-user:session):|session opened for user root(uid=0) by root(uid=0)
pam_unix(systemd-user:session):|session opened for user tech(uid=1000) by tech(uid=0)
password|for 'tech' changed by 'root'
Received|disconnect from 172.16.8.4 port 35494:11: disconnected by user
Received|disconnect from 172.16.8.4 port 46836:11: disconnected by user
Received|disconnect from 172.16.8.4 port 52968:11: disconnected by user
Received|disconnect from 172.16.8.4 port 55466:11: disconnected by user
Received|disconnect from 172.16.8.4 port 55582:11: disconnected by user
Received|disconnect from 172.16.8.4 port 56442:11: disconnected by user
Received|signal 15; terminating.
Reloading|rules
Reloading|rules
Reloading|rules
Reloading|rules
Reloading|rules
Reloading|rules
Removed|session 166.
Removed|session 171.
Removed|session 18.
Removed|session 20.
Removed|session 3.
Removed|session 6.
Server|listening on 0.0.0.0 port 22.
Server|listening on :: port 22.
Server|listening on :: port 22.
Server|listening on :: port 22.
Session|166 logged out. Waiting for processes to exit.
Session|171 logged out. Waiting for processes to exit.
Session|18 logged out. Waiting for processes to exit.
Session|20 logged out. Waiting for processes to exit.
Session|3 logged out. Waiting for processes to exit.
Session|6 logged out. Waiting for processes to exit.
System|is powering down (hypervisor initiated shutdown).
System|is rebooting.
System|is rebooting.
tech|: TTY=tty1 ; PWD=/home/tech ; USER=root ; COMMAND=/usr/bin/su -
The|system will reboot now!
The|system will reboot now!
(to|root) root on pts/0
(to|user1) root on pts/0
(to|user1) root on pts/0
(to|user1) root on pts/0
(to|user1) root on pts/0
(to|user1) root on pts/0
(to|user1) root on pts/0
(to|user1) root on pts/0
(to|user1) root on pts/0
(to|user1) root on pts/0
(to|user1) root on pts/0
(to|user1) root on pts/0
(to|user1) root on pts/0
(to|user2) root on pts/0
(to|user2) root on pts/0
(to|user2) root on pts/0
(to|user2) root on pts/0
(to|user2) root on pts/0
(to|user2) root on pts/0
(to|user2) root on pts/0
(to|user2) root on pts/0
(to|user3) root on pts/0
(to|user3) root on pts/0
(to|user3) root on pts/0
(to|user3) root on pts/0
(to|user3) root on pts/0
(to|user3) root on pts/0
(to|user3) root on pts/0
user1|: TTY=pts/0 ; PWD=/home/user1 ; USER=root ; COMMAND=/bin/dmesg
user2|: user NOT in sudoers ; TTY=pts/0 ; PWD=/home/user2 ; USER=root ; COMMAND=/usr/local/bin/dmesg_suid.sh
Watching|system buttons on /dev/input/event0 (Power Button)
Watching|system buttons on /dev/input/event0 (Power Button)
Watching|system buttons on /dev/input/event0 (Power Button)
Watching|system buttons on /dev/input/event0 (Power Button)
Watching|system buttons on /dev/input/event1 (AT Translated Set 2 keyboard)
Watching|system buttons on /dev/input/event1 (AT Translated Set 2 keyboard)
Watching|system buttons on /dev/input/event1 (AT Translated Set 2 keyboard)
Watching|system buttons on /dev/input/event1 (AT Translated Set 2 keyboard)
root@eltex-practice2-pg2-v8:~#

3.

root@eltex-practice2-pg2-v8:~# awk '{process=$4; message=substr($0, index($0,$4)+length($4)+1); print process "|" message}' "$AUTH_LOG" | sed 's/\[[0-9]*\]//g' | cut -d'|' -f1 | sort | uniq -c | sort -rn | awk '{print $1, $2}'
386 pam_unix(cron:session):
52 pam_unix(su-l:session):
32 Loading
28 (to
18 add
16 Finished
13 pam_unix(sshd:session):
12 New
10 new
10 Acquired
8 Watching
8 pam_unix(systemd-user:session):
8 group
8 changed
7 Received
7 Accepted
6 Session
6 Removed
6 Reloading
6 Disconnected
6 Collecting
4 Server
4 pam_unix(su:session):
4 pam_unix(sudo:session):
4 pam_unix(passwd:chauthtok):
3 System
2 The
2 pam_unix(sudo:auth):
2 PAM
2 members
2 Connection
2 Attempted
1 user2
1 user1
1 tech
1 password
1 pam_unix(login:session):
1 pam_unix(chpasswd:chauthtok):
1 failed
1 Creating
1 change
root@eltex-practice2-pg2-v8:~#

4.

root@eltex-practice2-pg2-v8:~# grep "/usr/sbin/nologin" /etc/passwd | cut -d: -f1,3 | while IFS=: read user uid; do
    groups=$(groups "$user" 2>/dev/null | cut -d: -f2- | sed 's/^ //' | tr ' ' ',')
    echo "$uid,$user,$groups"
done | sort -nr -t, -k1
65534,nobody,nogroup
1003,user3,user3,users,users_group
998,systemd-network,systemd-network
997,systemd-timesync,systemd-timesync
992,systemd-resolve,systemd-resolve
991,polkitd,polkitd
989,fwupd-refresh,fwupd-refresh
109,sshd,nogroup
108,usbmux,plugdev
107,landscape,landscape
105,tcpdump,tcpdump
104,uuidd,uuidd
103,syslog,syslog,adm
101,messagebus,messagebus
42,_apt,nogroup
39,irc,irc
38,list,list
34,backup,backup
33,www-data,www-data
13,proxy,proxy
10,uucp,uucp
9,news,news
8,mail,mail
7,lp,lp
6,man,man
5,games,games
3,sys,sys
2,bin,bin
1,daemon,daemon
root@eltex-practice2-pg2-v8:

5. 

root@eltex-practice2-pg2-v8:~# dmesg | grep -i kernel
[    0.000000] KERNEL supported cpus:
[    0.154783] Booting paravirtualized kernel on KVM
[    0.158641] Kernel command line: BOOT_IMAGE=/vmlinuz-6.8.0-55-generic root=/dev/mapper/ubuntu--vg-ubuntu--lv ro
[    0.158798] Unknown kernel command line parameters "BOOT_IMAGE=/vmlinuz-6.8.0-55-generic", will be passed to user space.
[    0.410943] Memory: 3933500K/4193760K available (22528K kernel code, 4443K rwdata, 14344K rodata, 4988K init, 4716K bss, 260000K reserved, 0K cma-reserved)
[    0.584070] DMA: preallocated 512 KiB GFP_KERNEL pool for atomic allocations
[    0.584125] DMA: preallocated 512 KiB GFP_KERNEL|GFP_DMA pool for atomic allocations
[    0.584177] DMA: preallocated 512 KiB GFP_KERNEL|GFP_DMA32 pool for atomic allocations
[    1.241948] Loaded X.509 cert 'Build time autogenerated kernel key: e0bedf6fa049a1e09bd65ebab3904f14cdd5bc68'
[    1.254738] Loaded X.509 cert 'Canonical Ltd. Kernel Module Signing: 88f752e560a1e0737e31163a466ad7b70a850c19'
[    1.393339] Loaded X.509 cert 'Build time autogenerated kernel key: e0bedf6fa049a1e09bd65ebab3904f14cdd5bc68'
[    1.430369] Freeing unused kernel image (initmem) memory: 4988K
[    1.431472] Write protecting the kernel read-only data: 38912k
[    1.433109] Freeing unused kernel image (rodata/data gap) memory: 2040K
[    9.570285] systemd[1]: Listening on systemd-udevd-kernel.socket - udev Kernel Socket.
[    9.611624] systemd[1]: Mounting sys-kernel-debug.mount - Kernel Debug File System...
[    9.619118] systemd[1]: Mounting sys-kernel-tracing.mount - Kernel Trace File System...
[    9.775067] systemd[1]: Starting modprobe@configfs.service - Load Kernel Module configfs...
[    9.853327] systemd[1]: Starting modprobe@dm_mod.service - Load Kernel Module dm_mod...
[    9.929033] systemd[1]: Starting modprobe@drm.service - Load Kernel Module drm...
[   10.081615] systemd[1]: Starting modprobe@efi_pstore.service - Load Kernel Module efi_pstore...
[   10.127197] systemd[1]: Starting modprobe@fuse.service - Load Kernel Module fuse...
[   10.170297] systemd[1]: Starting modprobe@loop.service - Load Kernel Module loop...
[   10.399269] systemd[1]: Starting systemd-modules-load.service - Load Kernel Modules...
[   10.412583] systemd[1]: Starting systemd-remount-fs.service - Remount Root and Kernel File Systems...

6.

root@eltex-practice2-pg2-v8:~# wc -l /var/log/kern.log
2884 /var/log/kern.log

7.

root@eltex-practice2-pg2-v8:~# awk '/^Start-Date:/ {start=$0} /^Commandline:/ {cmd=$0} /^End-Date:/ {end=$0; print cmd " ; " start " ; " end}' /var/log/apt/history.log
Commandline: apt-get install --reinstall apt ; Start-Date: 2025-02-16  20:51:22 ; End-Date: 2025-02-16  20:51:24
Commandline: apt-get install --reinstall base-files ; Start-Date: 2025-02-16  20:51:26 ; End-Date: 2025-02-16  20:51:28
Commandline: apt-get install --reinstall base-passwd ; Start-Date: 2025-02-16  20:51:31 ; End-Date: 2025-02-16  20:51:32
Commandline: apt-get install --reinstall bash ; Start-Date: 2025-02-16  20:51:35 ; End-Date: 2025-02-16  20:51:37
Commandline: apt-get install --reinstall bsdutils ; Start-Date: 2025-02-16  20:51:39 ; End-Date: 2025-02-16  20:51:41
Commandline: apt-get install --reinstall coreutils ; Start-Date: 2025-02-16  20:51:44 ; End-Date: 2025-02-16  20:51:45
Commandline: apt-get install --reinstall dash ; Start-Date: 2025-02-16  20:51:48 ; End-Date: 2025-02-16  20:51:49
Commandline: apt-get install --reinstall debconf ; Start-Date: 2025-02-16  20:51:52 ; End-Date: 2025-02-16  20:51:53
Commandline: apt-get install --reinstall debianutils ; Start-Date: 2025-02-16  20:51:56 ; End-Date: 2025-02-16  20:51:58
Commandline: apt-get install --reinstall diffutils ; Start-Date: 2025-02-16  20:52:00 ; End-Date: 2025-02-16  20:52:02
Commandline: apt-get install --reinstall dpkg ; Start-Date: 2025-02-16  20:52:04 ; End-Date: 2025-02-16  20:52:06
Commandline: apt-get install --reinstall e2fsprogs ; Start-Date: 2025-02-16  20:52:09 ; End-Date: 2025-02-16  20:52:10
Commandline: apt-get install --reinstall findutils ; Start-Date: 2025-02-16  20:52:13 ; End-Date: 2025-02-16  20:52:14
Commandline: apt-get install --reinstall gcc-14-base:amd64 ; Start-Date: 2025-02-16  20:52:17 ; End-Date: 2025-02-16  20:52:18
Commandline: apt-get install --reinstall gpgv ; Start-Date: 2025-02-16  20:52:21 ; End-Date: 2025-02-16  20:52:23
Commandline: apt-get install --reinstall grep ; Start-Date: 2025-02-16  20:52:25 ; End-Date: 2025-02-16  20:52:27
Commandline: apt-get install --reinstall gzip ; Start-Date: 2025-02-16  20:52:29 ; End-Date: 2025-02-16  20:52:31
Commandline: apt-get install --reinstall hostname ; Start-Date: 2025-02-16  20:52:34 ; End-Date: 2025-02-16  20:52:35
Commandline: apt-get install --reinstall init-system-helpers ; Start-Date: 2025-02-16  20:52:38 ; End-Date: 2025-02-16  20:52:39
Commandline: apt-get install --reinstall libacl1:amd64 ; Start-Date: 2025-02-16  20:52:42 ; End-Date: 2025-02-16  20:52:43
Commandline: apt-get install --reinstall libapt-pkg6.0t64:amd64 ; Start-Date: 2025-02-16  20:52:46 ; End-Date: 2025-02-16  20:52:47
Commandline: apt-get install --reinstall libassuan0:amd64 ; Start-Date: 2025-02-16  20:52:50 ; End-Date: 2025-02-16  20:52:51
Commandline: apt-get install --reinstall libattr1:amd64 ; Start-Date: 2025-02-16  20:52:54 ; End-Date: 2025-02-16  20:52:56
Commandline: apt-get install --reinstall libaudit-common ; Start-Date: 2025-02-16  20:52:58 ; End-Date: 2025-02-16  20:53:00
Commandline: apt-get install --reinstall libaudit1:amd64 ; Start-Date: 2025-02-16  20:53:02 ; End-Date: 2025-02-16  20:53:04
Commandline: apt-get install --reinstall libblkid1:amd64 ; Start-Date: 2025-02-16  20:53:06 ; End-Date: 2025-02-16  20:53:08
Commandline: apt-get install --reinstall libbz2-1.0:amd64 ; Start-Date: 2025-02-16  20:53:11 ; End-Date: 2025-02-16  20:53:12
Commandline: apt-get install --reinstall libc-bin ; Start-Date: 2025-02-16  20:53:15 ; End-Date: 2025-02-16  20:53:17
Commandline: apt-get install --reinstall libc6:amd64 ; Start-Date: 2025-02-16  20:53:19 ; End-Date: 2025-02-16  20:53:22
Commandline: apt-get install --reinstall libcap-ng0:amd64 ; Start-Date: 2025-02-16  20:53:25 ; End-Date: 2025-02-16  20:53:26
Commandline: apt-get install --reinstall libcap2:amd64 ; Start-Date: 2025-02-16  20:53:29 ; End-Date: 2025-02-16  20:53:30
Commandline: apt-get install --reinstall libcom-err2:amd64 ; Start-Date: 2025-02-16  20:53:33 ; End-Date: 2025-02-16  20:53:34
Commandline: apt-get install --reinstall libcrypt1:amd64 ; Start-Date: 2025-02-16  20:53:37 ; End-Date: 2025-02-16  20:53:38
Commandline: apt-get install --reinstall libdebconfclient0:amd64 ; Start-Date: 2025-02-16  20:53:41 ; End-Date: 2025-02-16  20:53:42
Commandline: apt-get install --reinstall libext2fs2t64:amd64 ; Start-Date: 2025-02-16  20:53:45 ; End-Date: 2025-02-16  20:53:46
Commandline: apt-get install --reinstall libffi8:amd64 ; Start-Date: 2025-02-16  20:53:49 ; End-Date: 2025-02-16  20:53:50
Commandline: apt-get install --reinstall libgcc-s1:amd64 ; Start-Date: 2025-02-16  20:53:53 ; End-Date: 2025-02-16  20:53:54
Commandline: apt-get install --reinstall libgcrypt20:amd64 ; Start-Date: 2025-02-16  20:53:57 ; End-Date: 2025-02-16  20:53:59
Commandline: apt-get install --reinstall libgmp10:amd64 ; Start-Date: 2025-02-16  20:54:01 ; End-Date: 2025-02-16  20:54:03
Commandline: apt-get install --reinstall libgnutls30t64:amd64 ; Start-Date: 2025-02-16  20:54:05 ; End-Date: 2025-02-16  20:54:07
Commandline: apt-get install --reinstall libgpg-error0:amd64 ; Start-Date: 2025-02-16  20:54:10 ; End-Date: 2025-02-16  20:54:11
Commandline: apt-get install --reinstall libhogweed6t64:amd64 ; Start-Date: 2025-02-16  20:54:14 ; End-Date: 2025-02-16  20:54:15
Commandline: apt-get install --reinstall libidn2-0:amd64 ; Start-Date: 2025-02-16  20:54:18 ; End-Date: 2025-02-16  20:54:19
Commandline: apt-get install --reinstall liblz4-1:amd64 ; Start-Date: 2025-02-16  20:54:22 ; End-Date: 2025-02-16  20:54:23
Commandline: apt-get install --reinstall liblzma5:amd64 ; Start-Date: 2025-02-16  20:54:26 ; End-Date: 2025-02-16  20:54:27
Commandline: apt-get install --reinstall libmd0:amd64 ; Start-Date: 2025-02-16  20:54:30 ; End-Date: 2025-02-16  20:54:32
Commandline: apt-get install --reinstall libmount1:amd64 ; Start-Date: 2025-02-16  20:54:34 ; End-Date: 2025-02-16  20:54:36
Commandline: apt-get install --reinstall libncursesw6:amd64 ; Start-Date: 2025-02-16  20:54:38 ; End-Date: 2025-02-16  20:54:39
Commandline: apt-get install --reinstall libnettle8t64:amd64 ; Start-Date: 2025-02-16  20:54:42 ; End-Date: 2025-02-16  20:54:43
Commandline: apt-get install --reinstall libnpth0t64:amd64 ; Start-Date: 2025-02-16  20:54:46 ; End-Date: 2025-02-16  20:54:48
Commandline: apt-get install --reinstall libp11-kit0:amd64 ; Start-Date: 2025-02-16  20:54:50 ; End-Date: 2025-02-16  20:54:52
Commandline: apt-get install --reinstall libpam-modules:amd64 ; Start-Date: 2025-02-16  20:54:54 ; End-Date: 2025-02-16  20:54:56
Commandline: apt-get install --reinstall libpam-modules-bin ; Start-Date: 2025-02-16  20:54:58 ; End-Date: 2025-02-16  20:55:00
Commandline: apt-get install --reinstall libpam-runtime ; Start-Date: 2025-02-16  20:55:03 ; End-Date: 2025-02-16  20:55:04
Commandline: apt-get install --reinstall libpam0g:amd64 ; Start-Date: 2025-02-16  20:55:07 ; End-Date: 2025-02-16  20:55:08
Commandline: apt-get install --reinstall libpcre2-8-0:amd64 ; Start-Date: 2025-02-16  20:55:11 ; End-Date: 2025-02-16  20:55:12
Commandline: apt-get install --reinstall libproc2-0:amd64 ; Start-Date: 2025-02-16  20:55:15 ; End-Date: 2025-02-16  20:55:16
Commandline: apt-get install --reinstall libseccomp2:amd64 ; Start-Date: 2025-02-16  20:55:19 ; End-Date: 2025-02-16  20:55:20
Commandline: apt-get install --reinstall libselinux1:amd64 ; Start-Date: 2025-02-16  20:55:23 ; End-Date: 2025-02-16  20:55:24
Commandline: apt-get install --reinstall libsemanage-common ; Start-Date: 2025-02-16  20:55:27 ; End-Date: 2025-02-16  20:55:28
Commandline: apt-get install --reinstall libsemanage2:amd64 ; Start-Date: 2025-02-16  20:55:31 ; End-Date: 2025-02-16  20:55:32
Commandline: apt-get install --reinstall libsepol2:amd64 ; Start-Date: 2025-02-16  20:55:35 ; End-Date: 2025-02-16  20:55:36
Commandline: apt-get install --reinstall libsmartcols1:amd64 ; Start-Date: 2025-02-16  20:55:38 ; End-Date: 2025-02-16  20:55:40
Commandline: apt-get install --reinstall libss2:amd64 ; Start-Date: 2025-02-16  20:55:42 ; End-Date: 2025-02-16  20:55:44
Commandline: apt-get install --reinstall libssl3t64:amd64 ; Start-Date: 2025-02-16  20:55:46 ; End-Date: 2025-02-16  20:55:48
Commandline: apt-get install --reinstall libstdc++6:amd64 ; Start-Date: 2025-02-16  20:55:51 ; End-Date: 2025-02-16  20:55:52
Commandline: apt-get install --reinstall libsystemd0:amd64 ; Start-Date: 2025-02-16  20:55:55 ; End-Date: 2025-02-16  20:55:56
Commandline: apt-get install --reinstall libtasn1-6:amd64 ; Start-Date: 2025-02-16  20:55:59 ; End-Date: 2025-02-16  20:56:00
Commandline: apt-get install --reinstall libtinfo6:amd64 ; Start-Date: 2025-02-16  20:56:03 ; End-Date: 2025-02-16  20:56:04
Commandline: apt-get install --reinstall libudev1:amd64 ; Start-Date: 2025-02-16  20:56:07 ; End-Date: 2025-02-16  20:56:08
Commandline: apt-get install --reinstall libunistring5:amd64 ; Start-Date: 2025-02-16  20:56:11 ; End-Date: 2025-02-16  20:56:13
Commandline: apt-get install --reinstall libuuid1:amd64 ; Start-Date: 2025-02-16  20:56:15 ; End-Date: 2025-02-16  20:56:17
Commandline: apt-get install --reinstall libxxhash0:amd64 ; Start-Date: 2025-02-16  20:56:19 ; End-Date: 2025-02-16  20:56:21
Commandline: apt-get install --reinstall libzstd1:amd64 ; Start-Date: 2025-02-16  20:56:23 ; End-Date: 2025-02-16  20:56:25
Commandline: apt-get install --reinstall login ; Start-Date: 2025-02-16  20:56:28 ; End-Date: 2025-02-16  20:56:29
Commandline: apt-get install --reinstall logsave ; Start-Date: 2025-02-16  20:56:32 ; End-Date: 2025-02-16  20:56:33
Commandline: apt-get install --reinstall mawk ; Start-Date: 2025-02-16  20:56:36 ; End-Date: 2025-02-16  20:56:37
Commandline: apt-get install --reinstall mount ; Start-Date: 2025-02-16  20:56:39 ; End-Date: 2025-02-16  20:56:41
Commandline: apt-get install --reinstall ncurses-base ; Start-Date: 2025-02-16  20:56:43 ; End-Date: 2025-02-16  20:56:45
Commandline: apt-get install --reinstall ncurses-bin ; Start-Date: 2025-02-16  20:56:47 ; End-Date: 2025-02-16  20:56:49
Commandline: apt-get install --reinstall passwd ; Start-Date: 2025-02-16  20:56:52 ; End-Date: 2025-02-16  20:56:53
Commandline: apt-get install --reinstall perl-base ; Start-Date: 2025-02-16  20:56:55 ; End-Date: 2025-02-16  20:56:57
Commandline: apt-get install --reinstall procps ; Start-Date: 2025-02-16  20:57:00 ; End-Date: 2025-02-16  20:57:01
Commandline: apt-get install --reinstall sed ; Start-Date: 2025-02-16  20:57:04 ; End-Date: 2025-02-16  20:57:05
Commandline: apt-get install --reinstall sensible-utils ; Start-Date: 2025-02-16  20:57:08 ; End-Date: 2025-02-16  20:57:09
Commandline: apt-get install --reinstall sysvinit-utils ; Start-Date: 2025-02-16  20:57:12 ; End-Date: 2025-02-16  20:57:13
Commandline: apt-get install --reinstall tar ; Start-Date: 2025-02-16  20:57:16 ; End-Date: 2025-02-16  20:57:17
Commandline: apt-get install --reinstall ubuntu-keyring ; Start-Date: 2025-02-16  20:57:20 ; End-Date: 2025-02-16  20:57:21
Commandline: apt-get install --reinstall util-linux ; Start-Date: 2025-02-16  20:57:24 ; End-Date: 2025-02-16  20:57:26
Commandline: apt-get install --reinstall zlib1g:amd64 ; Start-Date: 2025-02-16  20:57:28 ; End-Date: 2025-02-16  20:57:30
Commandline: apt-get --yes -oDebug::pkgDepCache::AutoInstall=yes --force-yes upgrade ; Start-Date: 2025-02-16  20:57:34 ; End-Date: 2025-02-16  20:57:38
Commandline: apt-get --yes -oDebug::pkgDepCache::AutoInstall=yes --force-yes dist-upgrade ; Start-Date: 2025-02-16  20:57:39 ; End-Date: 2025-02-16  20:57:39
Commandline: apt-get --yes -oDebug::pkgDepCache::AutoInstall=yes install adduser apparmor apport apport-core-dump-handler apt base-passwd bcache-tools btrfs-progs busybox-initramfs ca-certificates cloud-guest-utils cloud-init coreutils cpio cryptsetup cryptsetup-bin curl dbus dbus-bin dbus-daemon dbus-session-bus-common dbus-system-bus-common dbus-user-session debconf dhcpcd-base distro-info-data dmeventd dmsetup dpkg dracut-install e2fsprogs ethtool fdisk fuse3 gawk gcc-14-base gettext-base gir1.2-girepository-2.0 gir1.2-glib-2.0 gpgv init-system-helpers initramfs-tools initramfs-tools-bin initramfs-tools-core iproute2 klibc-utils kmod kpartx libacl1 libaio1t64 libapparmor1 libapt-pkg6.0t64 libargon2-1 libassuan0 libattr1 libaudit-common libaudit1 libblkid1 libbpf1 libbrotli1 libbsd0 libbz2-1.0 libc6 libcap-ng0 libcap2 libcap2-bin libcbor0.10 libcom-err2 libcrypt1 libcryptsetup12 libcurl4t64 libdb5.3t64 libdbus-1-3 libdebconfclient0 libdevmapper-event1.02.1 libdevmapper1.02.1 libdrm-common libdrm2 libedit2 libelf1t64 libexpat1 libext2fs2t64 libfdisk1 libffi8 libfido2-1 libfuse3-3 libgcc-s1 libgcrypt20 libgdbm-compat4t64 libgdbm6t64 libgirepository-1.0-1 libglib2.0-0t64 libgmp10 libgnutls30t64 libgpg-error0 libgssapi-krb5-2 libhogweed6t64 libicu74 libidn2-0 libinih1 libintl-perl libisns0t64 libjson-c5 libk5crypto3 libkeyutils1 libklibc libkmod2 libkrb5-3 libkrb5support0 libldap2 liblvm2cmd2.03 liblz4-1 liblzma5 liblzo2-2 libmd0 libmnl0 libmodule-find-perl libmodule-scandeps-perl libmount1 libmpfr6 libncursesw6 libnetplan1 libnettle8t64 libnghttp2-14 libnpth0t64 libopeniscsiusr libp11-kit0 libpam-modules libpam-modules-bin libpam-runtime libpam-systemd libpam0g libpci3 libpcre2-8-0 libperl5.38t64 libpopt0 libproc-processtable-perl libproc2-0 libpsl5t64 libpython3-stdlib libpython3.12-minimal libpython3.12-stdlib libreadline8t64 libreiserfscore0t64 librtmp1 libsasl2-2 libsasl2-modules-db libseccomp2 libselinux1 libsemanage-common libsemanage2 libsepol2 libsgutils2-1.46-2 libsigsegv2 libsmartcols1 libsort-naturally-perl libsqlite3-0 libss2 libssh-4 libssl3t64 libstdc++6 libsystemd-shared libsystemd0 libtasn1-6 libterm-readkey-perl libtinfo6 libtirpc-common libtirpc3t64 libudev1 libunistring5 liburcu8t64 libusb-1.0-0 libuuid1 libxtables12 libxxhash0 libyaml-0-2 libzstd1 linux-base logsave lsb-base lsb-release lvm2 mdadm media-types mount multipath-tools needrestart netbase netplan-generator netplan.io open-iscsi openssh-client openssl passwd pci.ids pciutils perl perl-base perl-modules-5.38 pollinate procps python-apt-common python3 python3-apport python3-apt python3-attr python3-blinker python3-certifi python3-cffi-backend python3-chardet python3-click python3-colorama python3-configobj python3-cryptography python3-dbus python3-debconf python3-distro python3-distro-info python3-distupgrade python3-gi python3-httplib2 python3-idna python3-jinja2 python3-json-pointer python3-jsonpatch python3-jsonschema python3-jwt python3-launchpadlib python3-lazr.restfulclient python3-lazr.uri python3-markupsafe python3-minimal python3-netplan python3-oauthlib python3-pkg-resources python3-problem-report python3-pyparsing python3-pyrsistent python3-requests python3-serial python3-six python3-update-manager python3-urllib3 python3-wadllib python3-xkit python3-yaml python3.12 python3.12-minimal readline-common sed sensible-utils sg3-utils sg3-utils-udev snapd squashfs-tools sudo systemd systemd-dev systemd-resolved systemd-sysv sysvinit-utils tar tzdata ubuntu-drivers-common ubuntu-keyring ubuntu-release-upgrader-core ubuntu-server-minimal ucf udev unattended-upgrades unminimize usbutils xfsprogs xxd xz-utils zlib1g lxd-installer ; Start-Date: 2025-02-16  20:57:42 ; End-Date: 2025-02-16  20:58:20
Commandline: apt-get install --reinstall -y gdisk zstd unattended-upgrades xfsprogs multipath-tools kpartx cloud-init squashfs-tools sg3-utils pollinate packagekit-tools polkitd xml-core needrestart mdadm lvm2 libterm-readkey-perl libsort-naturally-perl libproc-processtable-perl:amd64 libmodule-scandeps-perl libmodule-find-perl libldap-common libintl-xs-perl libintl-perl libglib2.0-bin gpg-wks-client gnupg keyboxd gpgsm gpg-agent pinentry-curses gpg gnupg-utils finalrd fdisk eatmydata dmeventd dirmngr gpgconf curl initramfs-tools linux-base initramfs-tools-core cryptsetup cryptsetup-bin btrfs-progs bcache-tools appstream libsasl2-2:amd64 xz-utils xauth ubuntu-release-upgrader-core plymouth openssh-client libx11-data libedit2:amd64 groff-base gettext-base fuse3 cpio apparmor xxd xdg-user-dirs ucf systemd-timesyncd systemd-resolved sudo shared-mime-info python3-pygments networkd-dispatcher netplan.io cloud-guest-utils thin-provisioning-tools software-properties-common snapd iproute2 libcap2-bin libtirpc-common libpam-systemd:amd64 coreutils ncurses-bin mawk libsemanage-common bash base-passwd tar sysvinit-utils sensible-utils sed apt init-system-helpers hostname gzip grep gpgv findutils diffutils debconf debianutils dash adduser kmod usbutils pciutils sgml-base perl libperl5.38t64:amd64 dmsetup dhcpcd-base open-iscsi udev gawk python3-chardet lsb-release dbus-daemon dbus-bin systemd-sysv systemd python3 python3.12 readline-common ethtool netplan-generator libpam-cap:amd64 libnss-systemd:amd64 console-setup keyboard-configuration xkb-data liblocale-gettext-perl kbd ca-certificates openssl libpam-modules:amd64 python3-minimal python3.12-minimal procps passwd libpam-modules-bin logsave libpam-runtime libaudit-common mount e2fsprogs util-linux perl-base bsdutils apport libc-bin base-files login dpkg ; Start-Date: 2025-02-16  20:58:40 ; End-Date: 2025-02-16  20:59:23
Commandline: apt-get install --reinstall -y cryptsetup-initramfs dbus dbus-session-bus-common dbus-system-bus-common distro-info-data dracut-install gcc-14-base:amd64 gnupg-l10n iso-codes libapt-pkg6.0t64:amd64 libc6:amd64 libcbor0.10:amd64 libcryptsetup12:amd64 libdb5.3t64:amd64 libdbus-1-3:amd64 libexpat1:amd64 libfuse3-3:amd64 libgcrypt20:amd64 libglib2.0-0t64:amd64 libgmp10:amd64 libgnutls30t64:amd64 libgpg-error0:amd64 libidn2-0:amd64 libjson-c5:amd64 libklibc:amd64 libkrb5-3:amd64 libksba8:amd64 libldap2:amd64 liblzma5:amd64 liblzo2-2:amd64 libmpfr6:amd64 libnettle8t64:amd64 libnghttp2-14:amd64 libopeniscsiusr libp11-kit0:amd64 libpam0g:amd64 libpcre2-8-0:amd64 libpng16-16t64:amd64 libpolkit-gobject-1-0:amd64 libpopt0:amd64 libproc2-0:amd64 libpython3-stdlib:amd64 libpython3.12-minimal:amd64 libreadline8t64:amd64 libsigsegv2:amd64 libsqlite3-0:amd64 libssh-4:amd64 libstemmer0d:amd64 libsystemd-shared:amd64 libsystemd0:amd64 libtasn1-6:amd64 libtirpc3t64:amd64 libudev1:amd64 libusb-1.0-0:amd64 libxml2:amd64 libxtables12:amd64 lsb-base ncurses-base packagekit perl-modules-5.38 publicsuffix python3-babel python3-certifi python3-colorama python3-dbus python3-gi python3-httplib2 python3-json-pointer python3-jsonpatch python3-jwt python3-launchpadlib python3-lazr.restfulclient python3-lazr.uri python3-markdown-it python3-oauthlib python3-pkg-resources python3-requests python3-rich python3-serial python3-software-properties python3-tz python3-wadllib python3-yaml systemd-dev tzdata ubuntu-drivers-common ; Start-Date: 2025-02-16  20:59:26 ; End-Date: 2025-02-16  20:59:43
Commandline: apt-get install -y ubuntu-minimal ubuntu-standard ; Start-Date: 2025-02-16  20:59:50 ; End-Date: 2025-02-16  21:00:01
Commandline: apt-get -y --fix-policy install ; Start-Date: 2025-02-16  21:00:04 ; End-Date: 2025-02-16  21:00:04
Commandline: apt-get --yes -oDebug::pkgDepCache::AutoInstall=yes install adduser apparmor apport apport-core-dump-handler apport-symptoms appstream apt apt-utils base-files base-passwd bash bash-completion bc bcache-tools bind9-dnsutils bind9-host bind9-libs bolt bsdextrautils bsdutils btrfs-progs busybox-initramfs busybox-static byobu ca-certificates cloud-guest-utils cloud-initramfs-copymods cloud-initramfs-dyn-netconf command-not-found console-setup console-setup-linux coreutils cpio cron cron-daemon-common cryptsetup cryptsetup-bin cryptsetup-initramfs curl dash dbus dbus-bin dbus-daemon dbus-session-bus-common dbus-system-bus-common dbus-user-session debconf debconf-i18n debianutils dhcpcd-base diffutils dirmngr distro-info distro-info-data dmeventd dmidecode dmsetup dosfstools dpkg dracut-install e2fsprogs ed eject ethtool fdisk file finalrd findutils fonts-ubuntu-console friendly-recovery ftp fuse3 fwupd fwupd-signed gawk gcc-14-base gdisk gettext-base gir1.2-girepository-2.0 gir1.2-glib-2.0 gir1.2-packagekitglib-1.0 git git-man gnupg gnupg-l10n gnupg-utils gpg gpg-agent gpg-wks-client gpgconf gpgsm gpgv grep groff-base gzip hdparm hostname htop ibverbs-providers inetutils-telnet info init init-system-helpers initramfs-tools initramfs-tools-bin initramfs-tools-core install-info iproute2 iptables iputils-ping iputils-tracepath iso-codes jq kbd keyboard-configuration keyboxd klibc-utils kmod kpartx krb5-locales landscape-common less libacl1 libaio1t64 libapparmor1 libappstream5 libapt-pkg6.0t64 libarchive13t64 libargon2-1 libassuan0 libatasmart4 libatm1t64 libattr1 libaudit-common libaudit1 libblkid1 libblockdev-crypto3 libblockdev-fs3 libblockdev-loop3 libblockdev-mdraid3 libblockdev-nvme3 libblockdev-part3 libblockdev-swap3 libblockdev-utils3 libblockdev3 libbpf1 libbrotli1 libbsd0 libbytesize-common libbytesize1 libbz2-1.0 libc-bin libc6 libcap-ng0 libcap2 libcap2-bin libcbor0.10 libcom-err2 libcrypt1 libcryptsetup12 libcurl3t64-gnutls libcurl4t64 libdb5.3t64 libdbus-1-3 libdebconfclient0 libdevmapper-event1.02.1 libdevmapper1.02.1 libdrm-common libdrm2 libduktape207 libdw1t64 libedit2 libelf1t64 liberror-perl libestr0 libevdev2 libevent-core-2.1-7t64 libexpat1 libext2fs2t64 libfastjson4 libfdisk1 libffi8 libfido2-1 libflashrom1 libfribidi0 libftdi1-2 libfuse3-3 libfwupd2 libgcc-s1 libgcrypt20 libgdbm-compat4t64 libgdbm6t64 libgirepository-1.0-1 libglib2.0-0t64 libglib2.0-bin libglib2.0-data libgmp10 libgnutls30t64 libgpg-error0 libgpgme11t64 libgpm2 libgssapi-krb5-2 libgstreamer1.0-0 libgudev-1.0-0 libgusb2 libhogweed6t64 libibverbs1 libicu74 libidn2-0 libinih1 libintl-perl libintl-xs-perl libip4tc2 libip6tc2 libisns0t64 libjansson4 libjcat1 libjq1 libjson-c5 libjson-glib-1.0-0 libjson-glib-1.0-common libk5crypto3 libkeyutils1 libklibc libkmod2 libkrb5-3 libkrb5support0 libksba8 libldap-common libldap2 liblmdb0 liblocale-gettext-perl liblvm2cmd2.03 liblz4-1 liblzma5 liblzo2-2 libmagic-mgc libmagic1t64 libmaxminddb0 libmbim-glib4 libmbim-proxy libmbim-utils libmd0 libmm-glib0 libmnl0 libmodule-find-perl libmodule-scandeps-perl libmount1 libmpfr6 libmspack0t64 libncurses6 libncursesw6 libnetfilter-conntrack3 libnetplan1 libnettle8t64 libnewt0.52 libnfnetlink0 libnftables1 libnftnl11 libnghttp2-14 libnl-3-200 libnl-genl-3-200 libnl-route-3-200 libnpth0t64 libnspr4 libnss-systemd libnss3 libntfs-3g89t64 libnuma1 libnvme1t64 libonig5 libopeniscsiusr libp11-kit0 libpackagekit-glib2-18 libpam-cap libpam-modules libpam-modules-bin libpam-runtime libpam-systemd libpam0g libparted2t64 libpcap0.8t64 libpci3 libpcre2-8-0 libperl5.38t64 libpipeline1 libplymouth5 libpng16-16t64 libpolkit-agent-1-0 libpolkit-gobject-1-0 libpopt0 libproc-processtable-perl libproc2-0 libprotobuf-c1 libpsl5t64 libpython3-stdlib libpython3.12-minimal libpython3.12-stdlib libpython3.12t64 libqmi-glib5 libqmi-proxy libqmi-utils libqrtr-glib0 libreadline8t64 libreiserfscore0t64 librtmp1 libsasl2-2 libsasl2-modules libsasl2-modules-db libseccomp2 libselinux1 libsemanage-common libsemanage2 libsensors-config libsensors5 libsepol2 libsgutils2-1.46-2 libsigsegv2 libslang2 libsmartcols1 libsodium23 libsort-naturally-perl libsqlite3-0 libss2 libssh-4 libssl3t64 libstdc++6 libstemmer0d libsystemd-shared libsystemd0 libtasn1-6 libtcl8.6 libterm-readkey-perl libtext-charwidth-perl libtext-iconv-perl libtext-wrapi18n-perl libtinfo6 libtirpc-common libtirpc3t64 libtraceevent1 libtraceevent1-plugin libtracefs1 libtss2-esys-3.0.2-0t64 libtss2-mu-4.0.1-0t64 libtss2-sys1t64 libtss2-tcti-cmd0t64 libtss2-tcti-device0t64 libtss2-tcti-mssim0t64 libtss2-tcti-swtpm0t64 libuchardet0 libudev1 libudisks2-0 libunistring5 libunwind8 liburcu8t64 libusb-1.0-0 libutempter0 libuuid1 libuv1t64 libvolume-key1 libx11-6 libx11-data libxau6 libxcb1 libxdmcp6 libxext6 libxkbcommon0 libxml2 libxmlb2 libxmlsec1t64 libxmlsec1t64-openssl libxmuu1 libxslt1.1 libxtables12 libxxhash0 libyaml-0-2 libzstd1 linux-base locales login logrotate logsave lsb-release lshw lsof lvm2 lxd-agent-loader lxd-installer man-db manpages mawk mdadm media-types modemmanager motd-news-config mount mtr-tiny multipath-tools nano ncurses-base ncurses-bin needrestart netbase netcat-openbsd netplan-generator netplan.io networkd-dispatcher nftables ntfs-3g numactl open-iscsi open-vm-tools openssh-client openssl overlayroot packagekit packagekit-tools parted passwd pastebinit patch pci.ids pciutils perl perl-base perl-modules-5.38 pinentry-curses plymouth plymouth-theme-ubuntu-text polkitd pollinate powermgmt-base procps psmisc publicsuffix python-apt-common python3 python3-apport python3-apt python3-attr python3-automat python3-bcrypt python3-blinker python3-boto3 python3-botocore python3-certifi python3-cffi-backend python3-chardet python3-click python3-colorama python3-commandnotfound python3-configobj python3-constantly python3-cryptography python3-dateutil python3-dbus python3-debconf python3-debian python3-distro python3-distro-info python3-distupgrade python3-gdbm python3-gi python3-hamcrest python3-httplib2 python3-hyperlink python3-idna python3-incremental python3-jmespath python3-jwt python3-launchpadlib python3-lazr.restfulclient python3-lazr.uri python3-magic python3-markdown-it python3-mdurl python3-minimal python3-netifaces python3-netplan python3-newt python3-oauthlib python3-openssl python3-packaging python3-pexpect python3-pkg-resources python3-problem-report python3-ptyprocess python3-pyasn1 python3-pyasn1-modules python3-pygments python3-pyparsing python3-requests python3-rich python3-s3transfer python3-service-identity python3-setuptools python3-six python3-software-properties python3-systemd python3-twisted python3-update-manager python3-urllib3 python3-wadllib python3-yaml python3-zope.interface python3.12 python3.12-minimal readline-common rsync rsyslog run-one sbsigntool screen secureboot-db sed sensible-utils sg3-utils sg3-utils-udev sgml-base shared-mime-info snapd software-properties-common sosreport squashfs-tools strace sudo sysstat systemd systemd-dev systemd-hwe-hwdb systemd-resolved systemd-sysv systemd-timesyncd sysvinit-utils tar tcl tcl8.6 tcpdump telnet thin-provisioning-tools time tmux tnftp tpm-udev trace-cmd tzdata ubuntu-keyring ubuntu-minimal ubuntu-pro-client ubuntu-pro-client-l10n ubuntu-release-upgrader-core ubuntu-server ubuntu-standard ucf udev udisks2 ufw unattended-upgrades update-manager-core update-notifier-common usb-modeswitch usb-modeswitch-data usb.ids usbutils util-linux uuid-runtime vim vim-common vim-runtime vim-tiny wget whiptail xauth xdg-user-dirs xfsprogs xkb-data xml-core xxd xz-utils zerofree zlib1g zstd cloud-init ; Start-Date: 2025-02-16  21:00:10 ; End-Date: 2025-02-16  21:00:28
Commandline: apt-get --quiet --assume-yes --option=Dpkg::options::=--force-unsafe-io --option=Dpkg::Options::=--force-confold install grub-pc ; Start-Date: 2025-03-12  18:07:37 ; End-Date: 2025-03-12  18:08:03
Commandline: apt-get --quiet --assume-yes --option=Dpkg::options::=--force-unsafe-io --option=Dpkg::Options::=--force-confold install linux-generic ; Start-Date: 2025-03-12  18:08:37 ; End-Date: 2025-03-12  18:11:58
Commandline: apt-get --quiet --assume-yes --option=Dpkg::options::=--force-unsafe-io --option=Dpkg::Options::=--force-confold install openssh-server ; Start-Date: 2025-03-12  18:12:45 ; End-Date: 2025-03-12  18:13:11
Commandline: /usr/bin/unattended-upgrades -v ; Start-Date: 2025-03-12  18:13:21 ; End-Date: 2025-03-12  18:14:11
Commandline: apt dist-upgrade ; Start-Date: 2025-03-12  18:19:08 ; End-Date: 2025-03-12  18:21:04
Commandline: apt install vim qemu-guest-agent ; Start-Date: 2025-03-12  18:21:23 ; End-Date: 2025-03-12  18:21:31
Commandline: /usr/bin/unattended-upgrade ; Start-Date: 2026-03-12  09:00:50 ; End-Date: 2026-03-12  09:01:40
Commandline: /usr/bin/unattended-upgrade ; Start-Date: 2026-03-12  09:01:46 ; End-Date: 2026-03-12  09:02:02
Commandline: /usr/bin/unattended-upgrade ; Start-Date: 2026-03-12  09:02:04 ; End-Date: 2026-03-12  09:02:21
Commandline: /usr/bin/unattended-upgrade ; Start-Date: 2026-03-12  09:02:23 ; End-Date: 2026-03-12  09:03:03
Commandline: /usr/bin/unattended-upgrade ; Start-Date: 2026-03-12  09:03:05 ; End-Date: 2026-03-12  09:03:49
Commandline: /usr/bin/unattended-upgrade ; Start-Date: 2026-03-12  09:03:51 ; End-Date: 2026-03-12  09:05:20
Commandline: /usr/bin/unattended-upgrade ; Start-Date: 2026-03-12  09:05:22 ; End-Date: 2026-03-12  09:05:35
Commandline: /usr/bin/unattended-upgrade ; Start-Date: 2026-03-12  09:05:36 ; End-Date: 2026-03-12  09:05:54
Commandline: /usr/bin/unattended-upgrade ; Start-Date: 2026-03-12  09:05:57 ; End-Date: 2026-03-12  09:06:18
Commandline: /usr/bin/unattended-upgrade ; Start-Date: 2026-03-12  09:06:22 ; End-Date: 2026-03-12  09:06:32
Commandline: /usr/bin/unattended-upgrade ; Start-Date: 2026-03-12  09:06:34 ; End-Date: 2026-03-12  09:07:15
Commandline: /usr/bin/unattended-upgrade ; Start-Date: 2026-03-12  09:07:17 ; End-Date: 2026-03-12  09:07:43
Commandline: /usr/bin/unattended-upgrade ; Start-Date: 2026-03-12  09:07:45 ; End-Date: 2026-03-12  09:08:22
Commandline: /usr/bin/unattended-upgrade ; Start-Date: 2026-03-12  09:08:24 ; End-Date: 2026-03-12  09:08:41
Commandline: /usr/bin/unattended-upgrade ; Start-Date: 2026-03-12  09:08:45 ; End-Date: 2026-03-12  09:09:02
Commandline: /usr/bin/unattended-upgrade ; Start-Date: 2026-03-12  09:09:03 ; End-Date: 2026-03-12  09:09:09
Commandline: /usr/bin/unattended-upgrade ; Start-Date: 2026-03-12  09:09:11 ; End-Date: 2026-03-12  09:11:52
Commandline: /usr/bin/unattended-upgrade ; Start-Date: 2026-03-12  09:11:54 ; End-Date: 2026-03-12  09:12:04
Commandline: /usr/bin/unattended-upgrade ; Start-Date: 2026-03-12  09:12:06 ; End-Date: 2026-03-12  09:12:12
Commandline: /usr/bin/unattended-upgrade ; Start-Date: 2026-03-12  09:12:14 ; End-Date: 2026-03-12  09:12:21
Commandline: /usr/bin/unattended-upgrade ; Start-Date: 2026-03-12  09:12:23 ; End-Date: 2026-03-12  09:12:29
Commandline: /usr/bin/unattended-upgrade ; Start-Date: 2026-03-12  09:12:31 ; End-Date: 2026-03-12  09:12:37
Commandline: /usr/bin/unattended-upgrade ; Start-Date: 2026-03-12  09:12:39 ; End-Date: 2026-03-12  09:12:48
Commandline: /usr/bin/unattended-upgrade ; Start-Date: 2026-03-12  09:12:50 ; End-Date: 2026-03-12  09:13:41
Commandline: /usr/bin/unattended-upgrade ; Start-Date: 2026-03-12  09:13:43 ; End-Date: 2026-03-12  09:13:47
Commandline: /usr/bin/unattended-upgrade ; Start-Date: 2026-03-12  09:13:49 ; End-Date: 2026-03-12  09:13:54
Commandline: /usr/bin/unattended-upgrade ; Start-Date: 2026-03-12  09:13:56 ; End-Date: 2026-03-12  09:14:03
Commandline: /usr/bin/unattended-upgrade ; Start-Date: 2026-03-12  09:14:05 ; End-Date: 2026-03-12  09:14:13
Commandline: /usr/bin/unattended-upgrade ; Start-Date: 2026-03-12  09:14:16 ; End-Date: 2026-03-12  09:14:48
Commandline: /usr/bin/unattended-upgrade ; Start-Date: 2026-03-12  09:14:50 ; End-Date: 2026-03-12  09:15:22
Commandline: /usr/bin/unattended-upgrade ; Start-Date: 2026-03-12  09:15:24 ; End-Date: 2026-03-12  09:15:28
Commandline: /usr/bin/unattended-upgrade ; Start-Date: 2026-03-12  09:15:31 ; End-Date: 2026-03-12  09:15:53
Commandline: /usr/bin/unattended-upgrade ; Start-Date: 2026-03-12  09:15:55 ; End-Date: 2026-03-12  09:16:03
Commandline: /usr/bin/unattended-upgrade ; Start-Date: 2026-03-12  09:16:04 ; End-Date: 2026-03-12  09:16:18
Commandline: /usr/bin/unattended-upgrade ; Start-Date: 2026-03-12  09:16:20 ; End-Date: 2026-03-12  09:16:40
Commandline: /usr/bin/unattended-upgrade ; Start-Date: 2026-03-12  09:16:42 ; End-Date: 2026-03-12  09:16:54
Commandline: /usr/bin/unattended-upgrade ; Start-Date: 2026-03-12  09:16:57 ; End-Date: 2026-03-12  09:17:39
Commandline: /usr/bin/unattended-upgrade ; Start-Date: 2026-03-12  09:17:42 ; End-Date: 2026-03-12  09:17:47
Commandline: /usr/bin/unattended-upgrade ; Start-Date: 2026-03-12  09:17:49 ; End-Date: 2026-03-12  09:18:03
Commandline: /usr/bin/unattended-upgrade ; Start-Date: 2026-03-12  09:18:05 ; End-Date: 2026-03-12  09:18:20
Commandline: /usr/bin/unattended-upgrade ; Start-Date: 2026-03-12  09:18:22 ; End-Date: 2026-03-12  09:18:26
Commandline: /usr/bin/unattended-upgrade ; Start-Date: 2026-03-12  09:18:29 ; End-Date: 2026-03-12  09:18:38
Commandline: /usr/bin/unattended-upgrade ; Start-Date: 2026-03-12  09:18:40 ; End-Date: 2026-03-12  09:18:59
Commandline: /usr/bin/unattended-upgrade ; Start-Date: 2026-03-12  09:19:01 ; End-Date: 2026-03-12  09:19:08
Commandline: /usr/bin/unattended-upgrade ; Start-Date: 2026-03-12  09:19:10 ; End-Date: 2026-03-12  09:19:15
Commandline: /usr/bin/unattended-upgrade ; Start-Date: 2026-03-12  09:19:17 ; End-Date: 2026-03-12  09:19:19
Commandline: /usr/bin/unattended-upgrade ; Start-Date: 2026-03-12  09:19:21 ; End-Date: 2026-03-12  09:19:40
Commandline: /usr/bin/unattended-upgrade ; Start-Date: 2026-03-12  09:19:42 ; End-Date: 2026-03-12  09:19:45
Commandline: /usr/bin/unattended-upgrade ; Start-Date: 2026-03-12  09:19:47 ; End-Date: 2026-03-12  09:20:01
Commandline: /usr/bin/unattended-upgrade ; Start-Date: 2026-03-12  09:20:03 ; End-Date: 2026-03-12  09:20:10
Commandline: /usr/bin/unattended-upgrade ; Start-Date: 2026-03-12  09:20:13 ; End-Date: 2026-03-12  09:20:36
Commandline: /usr/bin/unattended-upgrade ; Start-Date: 2026-03-12  09:20:38 ; End-Date: 2026-03-12  09:20:44
Commandline: /usr/bin/unattended-upgrade ; Start-Date: 2026-03-12  09:20:46 ; End-Date: 2026-03-12  09:20:51
Commandline: /usr/bin/unattended-upgrade ; Start-Date: 2026-03-12  09:20:53 ; End-Date: 2026-03-12  09:21:49
Commandline: /usr/bin/unattended-upgrade ; Start-Date: 2026-03-12  09:21:51 ; End-Date: 2026-03-12  09:22:00
Commandline: /usr/bin/unattended-upgrade ; Start-Date: 2026-03-12  09:22:02 ; End-Date: 2026-03-12  09:22:19
Commandline: /usr/bin/unattended-upgrade ; Start-Date: 2026-03-13  06:02:21 ; End-Date: 2026-03-13  06:02:30
Commandline: /usr/bin/unattended-upgrade ; Start-Date: 2026-03-13  06:02:33 ; End-Date: 2026-03-13  06:04:22
Commandline: /usr/bin/unattended-upgrade ; Start-Date: 2026-03-13  06:04:25 ; End-Date: 2026-03-13  06:04:31
Commandline: /usr/bin/unattended-upgrade ; Start-Date: 2026-03-13  06:04:34 ; End-Date: 2026-03-13  06:05:31
Commandline: /usr/bin/unattended-upgrade ; Start-Date: 2026-03-13  06:05:33 ; End-Date: 2026-03-13  06:06:12
Commandline: apt install -y bzip2 p7zip-full ; Start-Date: 2026-03-13  09:08:14 ; End-Date: 2026-03-13  09:09:53
root@eltex-practice2-pg2-v8:~#